[2026-03-12 07:24:16] ================================================
[2026-03-12 07:24:16] 🎯 Multi-Agent 并行任务分发器
[2026-03-12 07:24:16] ================================================
[2026-03-12 07:24:16] 发送者: test_user
[2026-03-12 07:24:16] 聊天ID: test_chat
[2026-03-12 07:24:16] 消息内容: @设计 修改3F更衣室排砖图...
[2026-03-12 07:24:16] ================================================
[2026-03-12 07:24:16] ⚠️ 未检测到 @ 提及，使用主控 Agent 处理
[2026-03-12 07:24:16] ================================================
[2026-03-12 07:24:16] 🎯 Multi-Agent 并行任务分发器
[2026-03-12 07:24:16] ================================================
[2026-03-12 07:24:16] 发送者: test_user
[2026-03-12 07:24:16] 聊天ID: test_chat
[2026-03-12 07:24:16] 消息内容: @大领导 今天要完成的任务：
1. @设计 修改3F更衣室排砖图
2. @技术 写个脚本抓取数据
3. @小蓝 更新工作日志...
[2026-03-12 07:24:16] ================================================
[2026-03-12 07:24:16] ⚠️ 未检测到 @ 提及，使用主控 Agent 处理
[2026-03-12 07:24:16] ================================================
[2026-03-12 07:24:16] 🎯 Multi-Agent 并行任务分发器
[2026-03-12 07:24:16] ================================================
[2026-03-12 07:24:16] 发送者: test_user
[2026-03-12 07:24:16] 聊天ID: test_chat
[2026-03-12 07:24:16] 消息内容: @未知角色 做一些事情...
[2026-03-12 07:24:16] ================================================
[2026-03-12 07:24:16] ⚠️ 未检测到 @ 提及，使用主控 Agent 处理
