[2026-03-15 17:54:21] ================================================
[2026-03-15 17:54:21] 🎯 Multi-Agent 并行任务分发器
[2026-03-15 17:54:21] ================================================
[2026-03-15 17:54:21] 发送者: test_user
[2026-03-15 17:54:21] 聊天ID: test_chat
[2026-03-15 17:54:21] 消息内容: @设计 修改3F更衣室排砖图...
[2026-03-15 17:54:21] ================================================
[2026-03-15 17:54:21] 📋 检测到 1 个 @ 提及: 设计 修改3F更衣室排砖图
[2026-03-15 17:54:21] 📋 准备并行执行 1 个任务
[2026-03-15 17:54:21] 🚀 开始并行执行 1 个任务
[2026-03-15 17:54:21] 📦 启动任务: 设计 (ID: 1773568461_0)
[2026-03-15 17:54:21] ⏳ 等待所有任务完成...
[2026-03-15 17:54:21] 📋 分配任务给: 设计
[2026-03-15 17:54:21]    任务ID: 1773568461_0
[2026-03-15 17:54:21]    内容: @设计 修改3F更衣室排砖图...
[2026-03-15 17:54:21]    模型: glmcode/glm-4.7
[2026-03-15 17:54:21]    角色: 室内设计专家
[2026-03-15 17:54:21]    任务文件: /root/.openclaw/workspace/logs/parallel-tasks/task_1773568461_0_设计.md
[2026-03-15 17:54:21] ✅ 所有任务已完成
[2026-03-15 17:54:21] ================================================
[2026-03-15 17:54:21] 📊 任务执行结果汇总
[2026-03-15 17:54:21] ================================================
[2026-03-15 17:54:21] [2026-03-15 17:54:21] 🚀 开始并行执行 1 个任务
[2026-03-15 17:54:21] [2026-03-15 17:54:21] 📦 启动任务: 设计 (ID: 1773568461_0)
[2026-03-15 17:54:21] [2026-03-15 17:54:21] ⏳ 等待所有任务完成...
[2026-03-15 17:54:21] [2026-03-15 17:54:21] 📋 分配任务给: 设计
[2026-03-15 17:54:21] [2026-03-15 17:54:21]    任务ID: 1773568461_0
[2026-03-15 17:54:21] [2026-03-15 17:54:21]    内容: @设计 修改3F更衣室排砖图...
[2026-03-15 17:54:21] [2026-03-15 17:54:21]    模型: glmcode/glm-4.7
[2026-03-15 17:54:21] [2026-03-15 17:54:21]    角色: 室内设计专家
[2026-03-15 17:54:21] [2026-03-15 17:54:21]    任务文件: /root/.openclaw/workspace/logs/parallel-tasks/task_1773568461_0_设计.md
[2026-03-15 17:54:21] /root/.openclaw/workspace/logs/parallel-tasks/task_1773568461_0_设计.md
[2026-03-15 17:54:21] [2026-03-15 17:54:21] ✅ 所有任务已完成
[2026-03-15 17:54:21] ✅ 完成: 设计
[2026-03-15 17:54:21] ================================================
[2026-03-15 17:54:21] ✅ 所有任务已完成，等待大领导汇总...
[2026-03-15 17:54:21] ================================================
[2026-03-15 17:54:21] 📄 汇总报告: /root/.openclaw/workspace/logs/parallel-tasks/summary_20260315_175421.md
[2026-03-15 17:54:21] ================================================
[2026-03-15 17:54:21] 🎯 Multi-Agent 并行任务分发器
[2026-03-15 17:54:21] ================================================
[2026-03-15 17:54:21] 发送者: test_user
[2026-03-15 17:54:21] 聊天ID: test_chat
[2026-03-15 17:54:21] 消息内容: @大领导 今天要完成的任务：
1. @设计 修改3F更衣室排砖图
2. @技术 写个脚本抓取数据
3. @小蓝 更新工作日志...
[2026-03-15 17:54:21] ================================================
