[2026-03-29 10:36:06] [INFO] 开始处理 L0 → L1: 每日对话 → 关键点
[2026-03-29 10:36:06] [INFO] 处理 L0 → L1: 2026-03-28.md
[2026-03-29 10:36:06] [INFO] ✓ L0 → L1 完成: 2026-03-28
[2026-03-29 10:37:32] [INFO] 开始处理 L1 → L2: 月度关键点 → 结构化知识
[2026-03-29 10:37:32] [INFO] 处理 L1 → L2: 2026-03.md
[2026-03-29 10:37:32] [INFO] ✓ L1 → L2 完成: people/2026-03
[2026-03-29 10:37:32] [INFO] ✓ L1 → L2 完成: projects/2026-03
[2026-03-29 10:37:32] [INFO] ✓ L1 → L2 完成: knowledge/2026-03
[2026-03-29 10:37:32] [INFO] ✓ L1 → L2 完成: preferences/2026-03
[2026-03-29 10:37:34] [INFO] 开始处理 L2 → L3: 分类知识 → 长期洞察
[2026-03-29 10:37:34] [INFO] 开始处理 L2 → L3: 分类知识 → 长期洞察
[2026-03-29 10:37:34] [INFO] ✓ 提取洞察: people
[2026-03-29 10:37:34] [INFO] ✓ 提取洞察: projects
[2026-03-29 10:37:35] [INFO] ✓ 提取洞察: knowledge
[2026-03-29 10:37:35] [INFO] ✓ 提取洞察: preferences
[2026-03-29 10:37:35] [INFO] ✓ L2 → L3 完成: 长期洞察
[2026-03-29 10:53:50] [INFO] 开始处理 L0 → L1: 每日对话 → 关键点
[2026-03-29 10:53:50] [INFO] 处理 L0 → L1: 2026-03-28.md
[2026-03-29 10:53:50] [INFO] ✓ L0 → L1 完成: 2026-03-28
[2026-03-29 10:53:50] [INFO] 开始处理 L1 → L2: 月度关键点 → 结构化知识
[2026-03-29 10:53:50] [INFO] 处理 L1 → L2: 2026-03.md
[2026-03-29 10:53:50] [INFO] ✓ L1 → L2 完成: people/2026-03
[2026-03-29 10:53:50] [INFO] ✓ L1 → L2 完成: projects/2026-03
[2026-03-29 10:53:50] [INFO] ✓ L1 → L2 完成: knowledge/2026-03
[2026-03-29 10:53:50] [INFO] ✓ L1 → L2 完成: preferences/2026-03
[2026-03-29 10:53:50] [INFO] 开始处理 L2 → L3: 分类知识 → 长期洞察
[2026-03-29 10:53:50] [INFO] 开始处理 L2 → L3: 分类知识 → 长期洞察
[2026-03-29 10:53:50] [INFO] ✓ 提取洞察: people
[2026-03-29 10:53:50] [INFO] ✓ 提取洞察: projects
[2026-03-29 10:53:50] [INFO] ✓ 提取洞察: knowledge
[2026-03-29 10:53:50] [INFO] ✓ 提取洞察: preferences
[2026-03-29 10:53:50] [INFO] ✓ L2 → L3 完成: 长期洞察
