[2026-03-29 09:03:56] [INFO] 测试任务: cleanup
[2026-03-29 09:03:56] [INFO] 开始执行：缓存清理
[2026-03-29 09:03:56] [INFO] 删除空文件: 2026-03-04.md
[2026-03-29 09:03:56] [INFO] 删除空文件: 2026-03-05.md
[2026-03-29 09:03:56] [INFO] 删除空文件: 2026-03-08.md
[2026-03-29 09:03:56] [INFO] 删除空文件: 2026-03-10.md
[2026-03-29 09:03:56] [INFO] 删除空文件: 2026-03-17.md
[2026-03-29 09:03:56] [INFO] 删除空文件: 2026-03-23.md
[2026-03-29 09:03:56] [INFO] 删除空文件: 2026-03-24.md
[2026-03-29 09:03:56] [INFO] 删除空文件: 2026-03-22.md
[2026-03-29 09:03:56] [INFO] 删除空文件: 2026-03-23.md
[2026-03-29 09:03:56] [INFO] 删除空文件: 2026-03-24.md
[2026-03-29 09:03:56] [INFO] 删除空文件: 2026-03-27.md
[2026-03-29 09:03:56] [INFO] 删除空文件: 2026-03-10.md
[2026-03-29 09:03:56] [INFO] 删除空文件: 2026-03-23.md
[2026-03-29 09:03:56] [INFO] 删除空文件: 2026-03-24.md
[2026-03-29 09:03:56] [INFO] 删除空文件: 2026-03-03.md
[2026-03-29 09:03:56] [INFO] 删除空文件: 2026-03-04.md
[2026-03-29 09:03:56] [INFO] 删除空文件: 2026-03-05.md
[2026-03-29 09:03:56] [INFO] 删除空文件: 2026-03-08.md
[2026-03-29 09:03:56] [INFO] 删除空文件: 2026-03-10.md
[2026-03-29 09:03:56] [INFO] 删除空文件: 2026-03-12.md
[2026-03-29 09:03:56] [INFO] 删除空文件: 2026-03-14.md
[2026-03-29 09:03:56] [INFO] 删除空文件: 2026-03-15.md
[2026-03-29 09:03:56] [INFO] 删除空文件: 2026-03-18.md
[2026-03-29 09:03:56] [INFO] 删除空文件: 2026-03-20.md
[2026-03-29 09:03:56] [INFO] 删除空文件: 2026-03-21.md
[2026-03-29 09:03:56] [INFO] 删除空文件: 2026-03-22.md
[2026-03-29 09:03:56] [INFO] 删除空文件: 2026-03-23.md
[2026-03-29 09:03:56] [INFO] 删除空文件: 2026-03-24.md
[2026-03-29 09:03:56] [INFO] 删除空文件: 2026-03-25.md
[2026-03-29 09:03:56] [INFO] 删除空文件: 2026-03-27.md
[2026-03-29 09:03:56] [INFO] 删除空文件: 2026-03-28.md
[2026-03-29 09:03:56] [INFO] ✓ 缓存清理完成: 清理 31 个文件
[2026-03-29 09:03:57] [INFO] 立即运行所有任务...
[2026-03-29 09:03:57] [INFO] 执行任务: 记忆压缩
[2026-03-29 09:03:57] [INFO] 开始执行：记忆压缩
[2026-03-29 09:03:57] [INFO] ✓ 记忆压缩成功: 2026-03-28
[2026-03-29 09:03:58] [INFO] 执行任务: 记忆分层
[2026-03-29 09:03:58] [INFO] 开始执行：记忆分层
[2026-03-29 09:03:58] [INFO] ✓ 记忆分层检查完成
[2026-03-29 09:03:59] [INFO] 执行任务: 缓存清理
[2026-03-29 09:03:59] [INFO] 开始执行：缓存清理
[2026-03-29 09:03:59] [INFO] ✓ 缓存清理完成: 清理 0 个文件
[2026-03-29 09:04:00] [INFO] 执行任务: 性能优化
[2026-03-29 09:04:00] [INFO] 开始执行：性能优化
[2026-03-29 09:04:00] [INFO] 更新 QMD 索引...
[2026-03-29 09:04:02] [INFO] ✓ QMD 索引更新成功
[2026-03-29 09:04:02] [INFO] 生成 embeddings...
[2026-03-29 09:06:02] [ERROR] ✗ 性能优化异常: Command '['qmd', 'embed']' timed out after 120 seconds
[2026-03-29 09:06:03] [INFO] 
==================================================
[2026-03-29 09:06:03] [INFO] 任务执行结果:
[2026-03-29 09:06:03] [INFO]   [0;32m✓[0m 记忆压缩
[2026-03-29 09:06:03] [INFO]   [0;32m✓[0m 记忆分层
[2026-03-29 09:06:03] [INFO]   [0;32m✓[0m 缓存清理
[2026-03-29 09:06:03] [INFO]   [0;31m✗[0m 性能优化
[2026-03-29 09:06:24] [INFO] 测试任务: optimize
[2026-03-29 09:06:24] [INFO] 开始执行：性能优化
[2026-03-29 09:06:24] [INFO] 更新 QMD 索引...
[2026-03-29 09:06:25] [INFO] ✓ QMD 索引更新成功
[2026-03-29 09:06:25] [INFO] 生成 embeddings...
[2026-03-29 09:07:59] [INFO] ✓ Embeddings 生成成功
[2026-03-29 09:07:59] [INFO] ✓ 日志清理完成
[2026-03-29 09:07:59] [INFO] ✓ 性能优化完成
[2026-03-29 10:53:50] [INFO] 测试任务: summary
[2026-03-29 10:53:50] [INFO] 开始执行：自动摘要生成
[2026-03-29 10:53:50] [INFO] ✓ 自动摘要生成成功
