[0;34m[INFO][0m ==========================================
[0;34m[INFO][0m 记忆归档脚本启动
[0;34m[INFO][0m ==========================================
[0;34m[INFO][0m ==========================================
[0;34m[INFO][0m 记忆归档脚本启动
[0;34m[INFO][0m ==========================================
[1;33m[WARNING][0m 启用 DRY RUN 模式
[0;34m[INFO][0m 检查环境...
[0;32m[SUCCESS][0m 环境检查完成
[0;34m[INFO][0m 当前统计:
[0;34m[INFO][0m 开始归档 30 天以上的日志...
[0;34m[INFO][0m [DRY RUN] 会归档: 2026-03-02.md (31 天)
[0;34m[INFO][0m [DRY RUN] 会归档: 2026-03-03.md (30 天)
[0;34m[INFO][0m 归档完成
[1;33m[WARNING][0m DRY RUN 模式：未实际移动文件
[0;34m[INFO][0m 生成归档索引...
[0;32m[SUCCESS][0m 索引已生成: /root/.openclaw/workspace/memory/archive/index.md
[0;34m[INFO][0m 当前统计:
[0;32m[SUCCESS][0m 归档脚本完成
[0;34m[INFO][0m ==========================================
[0;34m[INFO][0m 记忆归档脚本启动
[0;34m[INFO][0m ==========================================
[0;34m[INFO][0m 检查环境...
[0;32m[SUCCESS][0m 环境检查完成
[0;34m[INFO][0m 当前统计:
[0;34m[INFO][0m 开始归档 30 天以上的日志...
[0;32m[SUCCESS][0m 归档: 2026-03-02.md → 2026-03/ (34 天)
[0;32m[SUCCESS][0m 归档: 2026-03-03.md → 2026-03/ (33 天)
[0;32m[SUCCESS][0m 归档: 2026-03-04.md → 2026-03/ (32 天)
[0;32m[SUCCESS][0m 归档: 2026-03-05.md → 2026-03/ (31 天)
[0;34m[INFO][0m 归档完成
[0;34m[INFO][0m 生成归档索引...
[0;32m[SUCCESS][0m 索引已生成: /root/.openclaw/workspace/memory/archive/index.md
[0;34m[INFO][0m 当前统计:
[0;34m[INFO][0m ==========================================
[0;34m[INFO][0m 记忆归档脚本启动
[0;34m[INFO][0m ==========================================
[1;33m[WARNING][0m 启用 DRY RUN 模式
[0;34m[INFO][0m 检查环境...
[0;32m[SUCCESS][0m 环境检查完成
[0;34m[INFO][0m 当前统计:
[0;34m[INFO][0m 开始归档 30 天以上的日志...
[0;34m[INFO][0m 归档完成
[1;33m[WARNING][0m DRY RUN 模式：未实际移动文件
[0;34m[INFO][0m 生成归档索引...
[0;32m[SUCCESS][0m 索引已生成: /root/.openclaw/workspace/memory/archive/index.md
[0;34m[INFO][0m 当前统计:
[0;32m[SUCCESS][0m 归档脚本完成
[0;34m[INFO][0m ==========================================
[0;34m[INFO][0m 记忆归档脚本启动
[0;34m[INFO][0m ==========================================
[0;34m[INFO][0m 检查环境...
[0;32m[SUCCESS][0m 环境检查完成
[0;34m[INFO][0m 当前统计:
[0;34m[INFO][0m 开始归档 30 天以上的日志...
[0;34m[INFO][0m 归档完成
[0;34m[INFO][0m 生成归档索引...
[0;32m[SUCCESS][0m 索引已生成: /root/.openclaw/workspace/memory/archive/index.md
[0;34m[INFO][0m 当前统计:
[0;32m[SUCCESS][0m 归档脚本完成
[0;34m[INFO][0m ==========================================
[0;34m[INFO][0m 记忆归档脚本启动
[0;34m[INFO][0m ==========================================
[1;33m[WARNING][0m 启用 DRY RUN 模式
[0;34m[INFO][0m 检查环境...
[0;32m[SUCCESS][0m 环境检查完成
[0;34m[INFO][0m 当前统计:
[0;34m[INFO][0m 开始归档 30 天以上的日志...
[0;34m[INFO][0m 归档完成
[1;33m[WARNING][0m DRY RUN 模式：未实际移动文件
[0;34m[INFO][0m 生成归档索引...
[0;32m[SUCCESS][0m 索引已生成: /root/.openclaw/workspace/memory/archive/index.md
[0;34m[INFO][0m 当前统计:
[0;32m[SUCCESS][0m 归档脚本完成
