=== DeerFlow技能移植日志 - Phase1 ===
开始时间: Mon Mar 23 07:22:04 AM CST 2026
源目录: /root/.openclaw/workspace/projects/deerflow-study/deer-flow-source/skills/public
目标目录: /root/.openclaw/skills
========================================
检查技能结构: deep-research
  - 无 scripts/ 目录
正在移植技能: deep-research
  → 复制目录: /root/.openclaw/workspace/projects/deerflow-study/deer-flow-source/skills/public/deep-research → /root/.openclaw/skills/deep-research
  ✓ 目录复制完成
添加兼容性元数据: deep-research
  ✓ 已添加兼容性元数据
✅ 兼容性元数据添加成功
测试技能: deep-research
  ✓ 技能名称正确: deep-research
  ✓ 技能描述: Use this skill instead of WebSearch for ANY question requiring web research. Trigger on queries like what is X, explain X, compare X and Y, research X, or before content generation tasks. Provides systematic multi-angle research methodology instead of single superficial searches. Use this proactively when the user's question needs online information.
  📋 文件清单:
    • root/.openclaw/skills/deep-research/SKILL.md (7962 bytes)
✅ 技能移植成功: deep-research
检查技能结构: data-analysis
  ✓ 包含 scripts/ 目录
  ✓ 脚本数量: 1
正在移植技能: data-analysis
  → 复制目录: /root/.openclaw/workspace/projects/deerflow-study/deer-flow-source/skills/public/data-analysis → /root/.openclaw/skills/data-analysis
  ✓ 目录复制完成
添加兼容性元数据: data-analysis
  ✓ 已添加兼容性元数据
✅ 兼容性元数据添加成功
测试技能: data-analysis
  ✓ 技能名称正确: data-analysis
  ✓ 技能描述: Use this skill when the user uploads Excel (.xlsx/.xls) or CSV files and wants to perform data analysis, generate statistics, create summaries, pivot tables, SQL queries, or any form of structured data exploration. Supports multi-sheet Excel workbooks, aggregation, filtering, joins, and exporting results to CSV/JSON/Markdown.
  📋 文件清单:
    • root/.openclaw/skills/data-analysis/SKILL.md (8951 bytes)
    • root/.openclaw/skills/data-analysis/scripts/analyze.py (19211 bytes)
✅ 技能移植成功: data-analysis
检查技能结构: skill-creator
  ✓ 包含 scripts/ 目录
  ✓ 脚本数量: 9
  ✓ 包含 assets/ 目录
  ✓ 包含 references/ 目录
  ✓ 包含 eval-viewer/ 目录
  ✓ 包含 agents/ 目录
正在移植技能: skill-creator
  → 复制目录: /root/.openclaw/workspace/projects/deerflow-study/deer-flow-source/skills/public/skill-creator → /root/.openclaw/skills/skill-creator
  ✓ 目录复制完成
添加兼容性元数据: skill-creator
  ✓ 已添加兼容性元数据
✅ 兼容性元数据添加成功
测试技能: skill-creator
  ✓ 技能名称正确: skill-creator
  ✓ 技能描述: Create new skills, modify and improve existing skills, and measure skill performance. Use when users want to create a skill from scratch, edit, or optimize an existing skill, run evals to test a skill, benchmark skill performance with variance analysis, or optimize a skill's description for better triggering accuracy.
  📋 文件清单:
    • root/.openclaw/skills/skill-creator/agents/analyzer.md (10376 bytes)
    • root/.openclaw/skills/skill-creator/agents/comparator.md (7287 bytes)
    • root/.openclaw/skills/skill-creator/agents/grader.md (9049 bytes)
    • root/.openclaw/skills/skill-creator/eval-viewer/generate_review.py (16365 bytes)
    • root/.openclaw/skills/skill-creator/references/output-patterns.md (1813 bytes)
    • root/.openclaw/skills/skill-creator/references/schemas.md (12061 bytes)
    • root/.openclaw/skills/skill-creator/references/workflows.md (818 bytes)
    • root/.openclaw/skills/skill-creator/scripts/aggregate_benchmark.py (14476 bytes)
    • root/.openclaw/skills/skill-creator/scripts/generate_report.py (12847 bytes)
    • root/.openclaw/skills/skill-creator/scripts/improve_description.py (11116 bytes)
    • root/.openclaw/skills/skill-creator/scripts/init_skill.py (10863 bytes)
    • root/.openclaw/skills/skill-creator/scripts/package_skill.py (4234 bytes)
    • root/.openclaw/skills/skill-creator/scripts/quick_validate.py (3972 bytes)
    • root/.openclaw/skills/skill-creator/scripts/run_eval.py (11464 bytes)
    • root/.openclaw/skills/skill-creator/scripts/run_loop.py (13605 bytes)
    • root/.openclaw/skills/skill-creator/scripts/utils.py (1661 bytes)
    • root/.openclaw/skills/skill-creator/SKILL.md (33251 bytes)
✅ 技能移植成功: skill-creator
检查技能结构: github-deep-research
  ✓ 包含 scripts/ 目录
  ✓ 脚本数量: 1
  ✓ 包含 assets/ 目录
正在移植技能: github-deep-research
  → 复制目录: /root/.openclaw/workspace/projects/deerflow-study/deer-flow-source/skills/public/github-deep-research → /root/.openclaw/skills/github-deep-research
  ✓ 目录复制完成
添加兼容性元数据: github-deep-research
  ✓ 已添加兼容性元数据
✅ 兼容性元数据添加成功
测试技能: github-deep-research
  ✓ 技能名称正确: github-deep-research
  ✓ 技能描述: Conduct multi-round deep research on any GitHub Repo. Use when users request comprehensive analysis, timeline reconstruction, competitive analysis, or in-depth investigation of GitHub. Produces structured markdown reports with executive summaries, chronological timelines, metrics analysis, and Mermaid diagrams. Triggers on Github repository URL or open source projects.
  📋 文件清单:
    • root/.openclaw/skills/github-deep-research/SKILL.md (5138 bytes)
    • root/.openclaw/skills/github-deep-research/assets/report_template.md (3580 bytes)
    • root/.openclaw/skills/github-deep-research/scripts/github_api.py (11274 bytes)
✅ 技能移植成功: github-deep-research
检查技能结构: find-skills
  ✓ 包含 scripts/ 目录
  ✓ 脚本数量: 1
正在移植技能: find-skills
  → 复制目录: /root/.openclaw/workspace/projects/deerflow-study/deer-flow-source/skills/public/find-skills → /root/.openclaw/skills/find-skills
  ✓ 目录复制完成
添加兼容性元数据: find-skills
  ✓ 已添加兼容性元数据
✅ 兼容性元数据添加成功
测试技能: find-skills
  ✓ 技能名称正确: find-skills
  ✓ 技能描述: Helps users discover and install agent skills when they ask questions like how do I do X, find a skill for X, is there a skill that can..., or express interest in extending capabilities. This skill should be used when the user is looking for functionality that might exist as an installable skill.
  📋 文件清单:
    • root/.openclaw/skills/find-skills/scripts/install-skill.sh (1554 bytes)
    • root/.openclaw/skills/find-skills/SKILL.md (4993 bytes)
✅ 技能移植成功: find-skills
完成时间: Mon Mar 23 07:22:04 AM CST 2026
