[2026-03-12 07:35:14] ==================================================
[2026-03-12 07:35:14] 🧠 智能消息路由系统 v1.0
[2026-03-12 07:35:14] ==================================================
[2026-03-12 07:35:14] 发送者: test_user
[2026-03-12 07:35:14] 聊天ID: test_chat
[2026-03-12 07:35:14] 聊天类型: group
[2026-03-12 07:35:14] 消息内容: 帮我设计一个客厅...
[2026-03-12 07:35:14] ==================================================
[2026-03-12 07:35:14] 
[2026-03-12 07:35:14] 🔍 分析消息内容...
[2026-03-12 07:35:14]    原始消息: 帮我设计一个客厅...
[2026-03-12 07:35:14]    ✅ 检测到设计任务
[2026-03-12 07:35:14]    ✅ 检测到协调需求
[2026-03-12 07:35:14] 📊 最终识别的任务类型: design orchestrator（共 2 个）
[2026-03-12 07:35:14] 
[2026-03-12 07:35:14] 🚀 开始并行处理 2 个任务
[2026-03-12 07:35:14]    📦 任务 1: 设计 (design)
[2026-03-12 07:35:14]    📦 任务 2: 大领导 (orchestrator)
[2026-03-12 07:35:14] 📋 准备执行的任务：
[2026-03-12 07:35:15]    - 设计: 帮我设计一个客厅...
[2026-03-12 07:35:15]    - 大领导: 帮我设计一个客厅...
[2026-03-12 07:35:15] ✅ 调用并行任务分发器...
[2026-03-12 07:35:15] 📨 构造的消息: @大领导 智能路由识别到以下任务： @设计 帮我设计一个客厅 @大领导 帮我设计一个客厅...
[2026-03-12 07:35:15] ================================================
[2026-03-12 07:35:15] 🎯 Multi-Agent 并行任务分发器
[2026-03-12 07:35:15] ================================================
[2026-03-12 07:35:15] 发送者: test_user
[2026-03-12 07:35:15] 聊天ID: test_chat
[2026-03-12 07:35:15] 消息内容: @大领导 智能路由识别到以下任务： @设计 帮我设计一个客厅 @大领导 帮我设计一个客厅...
[2026-03-12 07:35:15] ================================================
[2026-03-12 07:35:15] 📋 检测到 3 个 @ 提及: 大领导 智能路由识别到以下任务 设计 帮我设计一个客厅  大领导 帮我设计一个客厅
[2026-03-12 07:35:15] 📋 准备并行执行 3 个任务
[2026-03-12 07:35:15] ================================================
[2026-03-12 07:35:15] 📊 任务执行结果汇总
[2026-03-12 07:35:15] ================================================
[2026-03-12 07:35:15] [2026-03-12 07:35:15] 🚀 开始并行执行 3 个任务
[2026-03-12 07:35:15] [2026-03-12 07:35:15] 📦 启动任务: 大领导 (ID: 1773272115_0)
[2026-03-12 07:35:15] [2026-03-12 07:35:15] 📋 分配任务给: 大领导
[2026-03-12 07:35:15] [2026-03-12 07:35:15] 📦 启动任务: 设计 (ID: 1773272115_1)
[2026-03-12 07:35:15] [2026-03-12 07:35:15] 📦 启动任务: 设计 (ID: 1773272115_2)
[2026-03-12 07:35:15] [2026-03-12 07:35:15] 📋 分配任务给: 设计
[2026-03-12 07:35:15] [2026-03-12 07:35:15]    任务ID: 1773272115_0
[2026-03-12 07:35:15] [2026-03-12 07:35:15]    任务ID: 1773272115_1
[2026-03-12 07:35:15] [2026-03-12 07:35:15] ⏳ 等待所有任务完成...
[2026-03-12 07:35:15] [2026-03-12 07:35:15] 📋 分配任务给: 设计
[2026-03-12 07:35:15] [2026-03-12 07:35:15]    内容: @大领导 智能路由识别到以下任务： @设计 帮我设计一个客厅 @大领导 帮我设计一个客厅...
[2026-03-12 07:35:15] [2026-03-12 07:35:15]    任务ID: 1773272115_2
[2026-03-12 07:35:15] [2026-03-12 07:35:15]    内容: @大领导 智能路由识别到以下任务： @设计 帮我设计一个客厅 @大领导 帮我设计一个客厅...
[2026-03-12 07:35:15] [2026-03-12 07:35:15]    模型: glmcode/glm-4.7
[2026-03-12 07:35:15] [2026-03-12 07:35:15]    内容: @大领导 智能路由识别到以下任务： @设计 帮我设计一个客厅 @大领导 帮我设计一个客厅...
[2026-03-12 07:35:15] [2026-03-12 07:35:15]    模型: glmcode/glm-4.7
[2026-03-12 07:35:15] [2026-03-12 07:35:15]    模型: glmcode/glm-4.7
[2026-03-12 07:35:15] [2026-03-12 07:35:15]    角色: 室内设计专家
[2026-03-12 07:35:15] [2026-03-12 07:35:15]    角色: 任务分配和监督
[2026-03-12 07:35:15] [2026-03-12 07:35:15]    角色: 室内设计专家
[2026-03-12 07:35:15] [2026-03-12 07:35:15]    任务文件: /root/.openclaw/workspace/logs/parallel-tasks/task_1773272115_1_设计.md
[2026-03-12 07:35:15] /root/.openclaw/workspace/logs/parallel-tasks/task_1773272115_1_设计.md
[2026-03-12 07:35:15] [2026-03-12 07:35:15]    任务文件: /root/.openclaw/workspace/logs/parallel-tasks/task_1773272115_0_大领导.md
[2026-03-12 07:35:15] /root/.openclaw/workspace/logs/parallel-tasks/task_1773272115_0_大领导.md
[2026-03-12 07:35:15] [2026-03-12 07:35:15]    任务文件: /root/.openclaw/workspace/logs/parallel-tasks/task_1773272115_2_设计.md
[2026-03-12 07:35:15] /root/.openclaw/workspace/logs/parallel-tasks/task_1773272115_2_设计.md
[2026-03-12 07:35:15] [2026-03-12 07:35:15] ✅ 所有任务已完成
[2026-03-12 07:35:15] ✅ 完成: 大领导
[2026-03-12 07:35:15] ✅ 完成: 设计
[2026-03-12 07:35:15] ✅ 完成: 设计
[2026-03-12 07:35:15] ================================================
[2026-03-12 07:35:15] ✅ 所有任务已完成，等待大领导汇总...
[2026-03-12 07:35:15] ================================================
[2026-03-12 07:35:15] 📄 汇总报告: /root/.openclaw/workspace/logs/parallel-tasks/summary_20260312_073515.md
[2026-03-12 07:35:15] ✅ 并行任务分发完成
[2026-03-12 07:35:15] 
[2026-03-12 07:35:15] ==================================================
[2026-03-12 07:35:15] ✅ 智能路由完成
[2026-03-12 07:35:15] ==================================================
[2026-03-12 07:35:15] 
[2026-03-12 07:35:15] 📊 处理结果:
[2026-03-12 07:35:15]   - 识别任务类型: 2 个
[2026-03-12 07:35:15]   - 执行方式: 并行处理
[2026-03-12 07:35:15]   - 详细日志: /root/.openclaw/workspace/logs/intelligent-router/router_20260312_073514.log
[2026-03-12 07:35:15] 
