[2026-03-21 22:01:50] ========== 深度反思开始 ==========
[2026-03-21 22:01:50] 日期: 2026-03-20
[2026-03-21 22:01:50] 素材文件: /root/.openclaw/workspace/memory/2026-03-20-reflection-prep.md
[2026-03-21 22:01:50] 读取反思素材...
[2026-03-21 22:01:50] 分析反思素材...
[2026-03-21 22:01:50] 统计: 决策=0
0, 完成=0
0, 问题=0
0, 教训=0
0
[2026-03-21 22:01:50] 生成反思文件...
[2026-03-21 22:01:50] 反思文件已写入: /root/.openclaw/workspace/memory/reflections/2026-03-20.md
[2026-03-21 22:01:50] 更新知识索引
[2026-03-21 22:01:50] ========== 深度反思完成 ==========
[2026-03-21 22:02:10] ========== 深度反思开始 ==========
[2026-03-21 22:02:10] 日期: 2026-03-20
[2026-03-21 22:02:10] 素材文件: /root/.openclaw/workspace/memory/2026-03-20-reflection-prep.md
[2026-03-21 22:02:10] 读取反思素材...
[2026-03-21 22:02:10] 分析反思素材...
[2026-03-21 22:02:10] 统计: 决策=0
0, 完成=0
0, 问题=0
0, 教训=0
0
[2026-03-21 22:02:10] 生成反思文件...
[2026-03-21 22:02:30] ========== 深度反思开始 ==========
[2026-03-21 22:02:30] 日期: 2026-03-20
[2026-03-21 22:02:30] 素材文件: /root/.openclaw/workspace/memory/2026-03-20-reflection-prep.md
[2026-03-21 22:02:30] 读取反思素材...
[2026-03-21 22:02:30] 分析反思素材...
[2026-03-21 22:02:30] 统计: 决策=0 0, 完成=0 0, 问题=0 0, 教训=0 0
[2026-03-21 22:02:30] 生成反思文件...
[2026-03-21 22:02:30] 反思文件已写入: /root/.openclaw/workspace/memory/reflections/2026-03-20.md
[2026-03-21 22:02:30] 更新知识索引
[2026-03-21 22:02:30] ========== 深度反思完成 ==========
[2026-03-21 22:02:45] ========== 深度反思开始 ==========
[2026-03-21 22:02:45] 日期: 2026-03-20
[2026-03-21 22:02:45] 素材文件: /root/.openclaw/workspace/memory/2026-03-20-reflection-prep.md
[2026-03-21 22:02:45] 读取反思素材...
[2026-03-21 22:02:45] 分析反思素材...
[2026-03-21 22:02:45] 统计: 决策=0, 完成=0, 问题=0, 教训=0
[2026-03-21 22:02:45] 生成反思文件...
[2026-03-21 22:02:45] 反思文件已写入: /root/.openclaw/workspace/memory/reflections/2026-03-20.md
[2026-03-21 22:02:45] 更新知识索引
[2026-03-21 22:02:45] ========== 深度反思完成 ==========
[2026-03-22 01:00:01] ========== 深度反思开始 ==========
[2026-03-22 01:00:01] ========== 深度反思开始 ==========
[2026-03-22 01:00:01] 日期: 2026-03-21
[2026-03-22 01:00:01] 日期: 2026-03-21
[2026-03-22 01:00:01] 素材文件: /root/.openclaw/workspace/memory/2026-03-21-reflection-prep.md
[2026-03-22 01:00:01] 素材文件: /root/.openclaw/workspace/memory/2026-03-21-reflection-prep.md
[2026-03-22 01:00:01] 读取反思素材...
[2026-03-22 01:00:01] 读取反思素材...
[2026-03-22 01:00:01] 分析反思素材...
[2026-03-22 01:00:01] 分析反思素材...
[2026-03-22 01:00:01] 统计: 决策=0, 完成=0, 问题=0, 教训=0
[2026-03-22 01:00:01] 统计: 决策=0, 完成=0, 问题=0, 教训=0
[2026-03-22 01:00:01] 生成反思文件...
[2026-03-22 01:00:01] 生成反思文件...
[2026-03-22 01:00:01] 反思文件已写入: /root/.openclaw/workspace/memory/reflections/2026-03-21.md
[2026-03-22 01:00:01] 反思文件已写入: /root/.openclaw/workspace/memory/reflections/2026-03-21.md
[2026-03-22 01:00:01] 更新知识索引
[2026-03-22 01:00:01] 更新知识索引
[2026-03-22 01:00:01] ========== 深度反思完成 ==========
[2026-03-22 01:00:01] ========== 深度反思完成 ==========
[2026-03-23 01:00:01] ========== 深度反思开始 ==========
[2026-03-23 01:00:01] ========== 深度反思开始 ==========
[2026-03-23 01:00:01] 日期: 2026-03-22
[2026-03-23 01:00:01] 日期: 2026-03-22
[2026-03-23 01:00:01] 素材文件: /root/.openclaw/workspace/memory/2026-03-22-reflection-prep.md
[2026-03-23 01:00:01] 素材文件: /root/.openclaw/workspace/memory/2026-03-22-reflection-prep.md
[2026-03-23 01:00:01] 读取反思素材...
[2026-03-23 01:00:01] 读取反思素材...
[2026-03-23 01:00:01] 分析反思素材...
[2026-03-23 01:00:01] 分析反思素材...
[2026-03-23 01:00:01] 统计: 决策=0, 完成=0, 问题=0, 教训=0
[2026-03-23 01:00:01] 统计: 决策=0, 完成=0, 问题=0, 教训=0
[2026-03-23 01:00:01] 生成反思文件...
[2026-03-23 01:00:01] 生成反思文件...
[2026-03-23 01:00:01] 反思文件已写入: /root/.openclaw/workspace/memory/reflections/2026-03-22.md
[2026-03-23 01:00:01] 反思文件已写入: /root/.openclaw/workspace/memory/reflections/2026-03-22.md
[2026-03-23 01:00:01] 更新知识索引
[2026-03-23 01:00:01] 更新知识索引
[2026-03-23 01:00:01] ========== 深度反思完成 ==========
[2026-03-23 01:00:01] ========== 深度反思完成 ==========
