[2026-03-21 22:01:47] ========== 日志查缺补漏开始 ==========
[2026-03-21 22:01:47] 开始扫描24小时消息...
[2026-03-21 22:01:47] 扫描完成: 0 条消息
[2026-03-21 22:01:47] 开始结构化清洗...
[2026-03-21 22:01:47]   decisions: 0 条
[2026-03-21 22:01:47]   completions: 0 条
[2026-03-21 22:01:47]   problems: 0 条
[2026-03-21 22:01:47]   lessons: 0 条
[2026-03-21 22:01:47]   questions: 0 条
[2026-03-21 22:01:47]   tasks: 0 条
[2026-03-21 22:01:47] 生成反思素材...
[2026-03-21 22:01:47] 反思素材已写入: /root/.openclaw/workspace/memory/2026-03-20-reflection-prep.md
[2026-03-21 22:01:47] ========== 日志查缺补漏完成 ==========
[2026-03-22 00:45:01] ========== 日志查缺补漏开始 ==========
[2026-03-22 00:45:01] 开始扫描24小时消息...
[2026-03-22 00:45:01] 扫描完成: 0 条消息
[2026-03-22 00:45:01] 开始结构化清洗...
[2026-03-22 00:45:01]   decisions: 0 条
[2026-03-22 00:45:01]   completions: 0 条
[2026-03-22 00:45:01]   problems: 0 条
[2026-03-22 00:45:01]   lessons: 0 条
[2026-03-22 00:45:01]   questions: 0 条
[2026-03-22 00:45:01]   tasks: 0 条
[2026-03-22 00:45:01] 生成反思素材...
[2026-03-22 00:45:01] 反思素材已写入: /root/.openclaw/workspace/memory/2026-03-21-reflection-prep.md
[2026-03-22 00:45:01] ========== 日志查缺补漏完成 ==========
[2026-03-22 00:45:01] ========== 日志查缺补漏开始 ==========
[2026-03-22 00:45:01] 开始扫描24小时消息...
[2026-03-22 00:45:01] 扫描完成: 0 条消息
[2026-03-22 00:45:01] 开始结构化清洗...
[2026-03-22 00:45:01]   decisions: 0 条
[2026-03-22 00:45:01]   completions: 0 条
[2026-03-22 00:45:01]   problems: 0 条
[2026-03-22 00:45:01]   lessons: 0 条
[2026-03-22 00:45:01]   questions: 0 条
[2026-03-22 00:45:01]   tasks: 0 条
[2026-03-22 00:45:01] 生成反思素材...
[2026-03-22 00:45:01] 反思素材已写入: /root/.openclaw/workspace/memory/2026-03-21-reflection-prep.md
[2026-03-22 00:45:01] ========== 日志查缺补漏完成 ==========
[2026-03-23 00:45:01] ========== 日志查缺补漏开始 ==========
[2026-03-23 00:45:01] 开始扫描24小时消息...
[2026-03-23 00:45:01] 扫描完成: 0 条消息
[2026-03-23 00:45:01] 开始结构化清洗...
[2026-03-23 00:45:01]   decisions: 0 条
[2026-03-23 00:45:01]   completions: 0 条
[2026-03-23 00:45:01]   problems: 0 条
[2026-03-23 00:45:01]   lessons: 0 条
[2026-03-23 00:45:01]   questions: 0 条
[2026-03-23 00:45:01]   tasks: 0 条
[2026-03-23 00:45:01] 生成反思素材...
[2026-03-23 00:45:01] 反思素材已写入: /root/.openclaw/workspace/memory/2026-03-22-reflection-prep.md
[2026-03-23 00:45:01] ========== 日志查缺补漏完成 ==========
[2026-03-23 00:45:01] ========== 日志查缺补漏开始 ==========
[2026-03-23 00:45:01] 开始扫描24小时消息...
[2026-03-23 00:45:01] 扫描完成: 0 条消息
[2026-03-23 00:45:01] 开始结构化清洗...
[2026-03-23 00:45:01]   decisions: 0 条
[2026-03-23 00:45:01]   completions: 0 条
[2026-03-23 00:45:01]   problems: 0 条
[2026-03-23 00:45:01]   lessons: 0 条
[2026-03-23 00:45:01]   questions: 0 条
[2026-03-23 00:45:01]   tasks: 0 条
[2026-03-23 00:45:01] 生成反思素材...
[2026-03-23 00:45:01] 反思素材已写入: /root/.openclaw/workspace/memory/2026-03-22-reflection-prep.md
[2026-03-23 00:45:01] ========== 日志查缺补漏完成 ==========
