[2026-03-09 16:59:25] 📋 开始生成每日简报
[2026-03-09 16:59:32] 📤 推送到飞书...
[2026-03-09 16:59:32] ✅ 每日简报推送完成
[2026-03-09 16:59:32] 🎉 每日简报任务完成！
[2026-03-09 20:30:01] 📋 开始生成每日简报
[2026-03-09 20:30:01] 📋 开始生成每日简报
======================================
📋 每日简报 - 2026-03-09\n\n📊 昨日完成\n────────────────────────\n### 已完成
- ✅ 分析proactive-agent-skill完整文档
- ✅ 识别核心架构（WAL Protocol, Working Buffer, Heartbeats）
- ✅ 对比v3.0系统
- ✅ 生成整合分析报告

### 进行中
- 🔄 创建SESSION-STATE.md
- 🔄 创建working-buffer.md
- 🔄 添加memory/YYYY-MM-DD.md\n\n🎯 今日待办\n────────────────────────\n### 待办
- [ ] 实现WAL Protocol脚本
- [ ] 更新HEARTBEAT.md（增强版）
- [ ] 测试整合效果

---

## 下一步

### 立即执行（优先级高）
1. ✅ 创建SESSION-STATE.md\n\n💡 系统状态\n────────────────────────\nGateway: 检查中...\n内存: 52.7%\n最后错误: 有错误（详见日志）\n\n📈 进化数据\n────────────────────────\n学习信号: 0 个\n进化版本: v3.1\n\n────────────────────────\n🤖 生成时间: 2026-03-09 20:30:02\n
[2026-03-09 20:30:02] 📤 推送到飞书...
[2026-03-09 20:30:02] 📤 推送到飞书...
[2026-03-09 20:30:02] ✅ 每日简报推送完成
[2026-03-09 20:30:02] ✅ 每日简报推送完成
======================================
[2026-03-09 20:30:02] 🎉 每日简报任务完成！
[2026-03-09 20:30:02] 🎉 每日简报任务完成！
[2026-03-10 20:30:01] 📋 开始生成每日简报
[2026-03-10 20:30:01] 📋 开始生成每日简报
======================================
📋 每日简报 - 2026-03-10\n\n📊 昨日完成\n────────────────────────\n### 已完成
- ✅ 分析proactive-agent-skill完整文档
- ✅ 识别核心架构（WAL Protocol, Working Buffer, Heartbeats）
- ✅ 对比v3.0系统
- ✅ 生成整合分析报告

### 进行中
- 🔄 创建SESSION-STATE.md
- 🔄 创建working-buffer.md
- 🔄 添加memory/YYYY-MM-DD.md\n\n🎯 今日待办\n────────────────────────\n### 待办
- [ ] 实现WAL Protocol脚本
- [ ] 更新HEARTBEAT.md（增强版）
- [ ] 测试整合效果

---

## 下一步

### 立即执行（优先级高）
1. ✅ 创建SESSION-STATE.md\n\n💡 系统状态\n────────────────────────\nGateway: 检查中...\n内存: 52.2%\n最后错误: 有错误（详见日志）\n\n📈 进化数据\n────────────────────────\n学习信号: 0 个\n进化版本: v3.1\n\n────────────────────────\n🤖 生成时间: 2026-03-10 20:30:01\n
[2026-03-10 20:30:01] 📤 推送到飞书...
[2026-03-10 20:30:01] 📤 推送到飞书...
[2026-03-10 20:30:01] ✅ 每日简报推送完成
[2026-03-10 20:30:01] ✅ 每日简报推送完成
======================================
[2026-03-10 20:30:01] 🎉 每日简报任务完成！
[2026-03-10 20:30:01] 🎉 每日简报任务完成！
[2026-03-11 20:30:01] 📋 开始生成每日简报
[2026-03-11 20:30:01] 📋 开始生成每日简报
======================================
📋 每日简报 - 2026-03-11\n\n📊 昨日完成\n────────────────────────\n### 已完成
- ✅ 分析proactive-agent-skill完整文档
- ✅ 识别核心架构（WAL Protocol, Working Buffer, Heartbeats）
- ✅ 对比v3.0系统
- ✅ 生成整合分析报告

### 进行中
- 🔄 创建SESSION-STATE.md
- 🔄 创建working-buffer.md
- 🔄 添加memory/YYYY-MM-DD.md\n\n🎯 今日待办\n────────────────────────\n### 待办
- [ ] 实现WAL Protocol脚本
- [ ] 更新HEARTBEAT.md（增强版）
- [ ] 测试整合效果

---

## 下一步

### 立即执行（优先级高）
1. ✅ 创建SESSION-STATE.md\n\n💡 系统状态\n────────────────────────\nGateway: 检查中...\n内存: 49.6%\n最后错误: 有错误（详见日志）\n\n📈 进化数据\n────────────────────────\n学习信号: 0 个\n进化版本: v3.1\n\n────────────────────────\n🤖 生成时间: 2026-03-11 20:30:02\n
[2026-03-11 20:30:02] 📤 推送到飞书...
[2026-03-11 20:30:02] 📤 推送到飞书...
[2026-03-11 20:30:02] ✅ 每日简报推送完成
[2026-03-11 20:30:02] ✅ 每日简报推送完成
======================================
[2026-03-11 20:30:02] 🎉 每日简报任务完成！
[2026-03-11 20:30:02] 🎉 每日简报任务完成！
[2026-03-12 20:30:01] 📋 开始生成每日简报
[2026-03-12 20:30:01] 📋 开始生成每日简报
======================================
📋 每日简报 - 2026-03-12\n\n📊 昨日完成\n────────────────────────\n### 已完成
1. ✅ 子 Agent 工作区配置
   - `/root/.openclaw/workspace-assistant/`
   - `/root/.openclaw/workspace-tech/`
   
2. ✅ OpenClaw 升级
   - 从 2026.3.2 升级到 2026.3.8
   - npm 和 pnpm 都已升级

3. ✅ 发现现有 Agent 结构
   - `/root/.openclaw/agents/assistant/`\n\n🎯 今日待办\n────────────────────────\n暂无记录\n\n💡 系统状态\n────────────────────────\nGateway: 检查中...\n内存: 51.7%\n最后错误: 有错误（详见日志）\n\n📈 进化数据\n────────────────────────\n学习信号: 0 个\n进化版本: v5.6\n\n────────────────────────\n🤖 生成时间: 2026-03-12 20:30:02\n
[2026-03-12 20:30:02] 📤 推送到飞书...
[2026-03-12 20:30:02] 📤 推送到飞书...
[2026-03-12 20:30:02] ✅ 每日简报推送完成
[2026-03-12 20:30:02] ✅ 每日简报推送完成
======================================
[2026-03-12 20:30:02] 🎉 每日简报任务完成！
[2026-03-12 20:30:02] 🎉 每日简报任务完成！
[2026-03-13 20:30:01] 📋 开始生成每日简报
[2026-03-13 20:30:01] 📋 开始生成每日简报
======================================
📋 每日简报 - 2026-03-13\n\n📊 昨日完成\n────────────────────────\n### 已完成
1. ✅ 子 Agent 工作区配置
   - `/root/.openclaw/workspace-assistant/`
   - `/root/.openclaw/workspace-tech/`
   
2. ✅ OpenClaw 升级
   - 从 2026.3.2 升级到 2026.3.8
   - npm 和 pnpm 都已升级

3. ✅ 发现现有 Agent 结构
   - `/root/.openclaw/agents/assistant/`\n\n🎯 今日待办\n────────────────────────\n暂无记录\n\n💡 系统状态\n────────────────────────\nGateway: 检查中...\n内存: 56.1%\n最后错误: 有错误（详见日志）\n\n📈 进化数据\n────────────────────────\n学习信号: 0 个\n进化版本: v5.6\n\n────────────────────────\n🤖 生成时间: 2026-03-13 20:30:01\n
[2026-03-13 20:30:01] 📤 推送到飞书...
[2026-03-13 20:30:01] 📤 推送到飞书...
[2026-03-13 20:30:01] ✅ 每日简报推送完成
[2026-03-13 20:30:01] ✅ 每日简报推送完成
======================================
[2026-03-13 20:30:01] 🎉 每日简报任务完成！
[2026-03-13 20:30:01] 🎉 每日简报任务完成！
[2026-03-14 20:30:01] 📋 开始生成每日简报
[2026-03-14 20:30:01] 📋 开始生成每日简报
======================================
📋 每日简报 - 2026-03-14\n\n📊 昨日完成\n────────────────────────\n### 已完成
1. ✅ 子 Agent 工作区配置
   - `/root/.openclaw/workspace-assistant/`
   - `/root/.openclaw/workspace-tech/`
   
2. ✅ OpenClaw 升级
   - 从 2026.3.2 升级到 2026.3.8
   - npm 和 pnpm 都已升级

3. ✅ 发现现有 Agent 结构
   - `/root/.openclaw/agents/assistant/`\n\n🎯 今日待办\n────────────────────────\n暂无记录\n\n💡 系统状态\n────────────────────────\nGateway: 检查中...\n内存: 58.2%\n最后错误: 有错误（详见日志）\n\n📈 进化数据\n────────────────────────\n学习信号: 0 个\n进化版本: v5.6\n\n────────────────────────\n🤖 生成时间: 2026-03-14 20:30:01\n
[2026-03-14 20:30:01] 📤 推送到飞书...
[2026-03-14 20:30:01] 📤 推送到飞书...
[2026-03-14 20:30:01] ✅ 每日简报推送完成
[2026-03-14 20:30:01] ✅ 每日简报推送完成
======================================
[2026-03-14 20:30:01] 🎉 每日简报任务完成！
[2026-03-14 20:30:01] 🎉 每日简报任务完成！
[2026-03-15 20:30:01] 📋 开始生成每日简报
[2026-03-15 20:30:01] 📋 开始生成每日简报
======================================
📋 每日简报 - 2026-03-15\n\n📊 昨日完成\n────────────────────────\n### 已完成
1. ✅ 子 Agent 工作区配置
   - `/root/.openclaw/workspace-assistant/`
   - `/root/.openclaw/workspace-tech/`
   
2. ✅ OpenClaw 升级
   - 从 2026.3.2 升级到 2026.3.8
   - npm 和 pnpm 都已升级

3. ✅ 发现现有 Agent 结构
   - `/root/.openclaw/agents/assistant/`\n\n🎯 今日待办\n────────────────────────\n暂无记录\n\n💡 系统状态\n────────────────────────\nGateway: 检查中...\n内存: 32.1%\n最后错误: 有错误（详见日志）\n\n📈 进化数据\n────────────────────────\n学习信号: 0 个\n进化版本: v5.6\n\n────────────────────────\n🤖 生成时间: 2026-03-15 20:30:02\n
[2026-03-15 20:30:02] 📤 推送到飞书...
[2026-03-15 20:30:02] 📤 推送到飞书...
[2026-03-15 20:30:02] ✅ 每日简报推送完成
[2026-03-15 20:30:02] ✅ 每日简报推送完成
======================================
[2026-03-15 20:30:02] 🎉 每日简报任务完成！
[2026-03-15 20:30:02] 🎉 每日简报任务完成！
[2026-03-18 20:30:01] 📋 开始生成每日简报
[2026-03-18 20:30:01] 📋 开始生成每日简报
======================================
📋 每日简报 - 2026-03-18\n\n📊 昨日完成\n────────────────────────\n暂无记录\n\n🎯 今日待办\n────────────────────────\n暂无记录\n\n💡 系统状态\n────────────────────────\nGateway: 检查中...\n内存: 48.8%\n最后错误: 有错误（详见日志）\n\n📈 进化数据\n────────────────────────\n学习信号: 0 个\n进化版本: v2.0\n\n────────────────────────\n🤖 生成时间: 2026-03-18 20:30:04\n
[2026-03-18 20:30:04] 📤 推送到飞书...
[2026-03-18 20:30:04] 📤 推送到飞书...
[2026-03-18 20:30:04] ✅ 每日简报推送完成
[2026-03-18 20:30:04] ✅ 每日简报推送完成
======================================
[2026-03-18 20:30:04] 🎉 每日简报任务完成！
[2026-03-18 20:30:04] 🎉 每日简报任务完成！
[2026-03-19 20:30:01] 📋 开始生成每日简报
[2026-03-19 20:30:01] 📋 开始生成每日简报
======================================
📋 每日简报 - 2026-03-19\n\n📊 昨日完成\n────────────────────────\n暂无记录\n\n🎯 今日待办\n────────────────────────\n暂无记录\n\n💡 系统状态\n────────────────────────\nGateway: 检查中...\n内存: 60.8%\n最后错误: 有错误（详见日志）\n\n📈 进化数据\n────────────────────────\n学习信号: 0 个\n进化版本: v2.0\n\n────────────────────────\n🤖 生成时间: 2026-03-19 20:30:03\n
[2026-03-19 20:30:03] 📤 推送到飞书...
[2026-03-19 20:30:03] 📤 推送到飞书...
[2026-03-19 20:30:03] ✅ 每日简报推送完成
[2026-03-19 20:30:03] ✅ 每日简报推送完成
======================================
[2026-03-19 20:30:03] 🎉 每日简报任务完成！
[2026-03-19 20:30:03] 🎉 每日简报任务完成！
[2026-03-20 20:30:02] 📋 开始生成每日简报
[2026-03-20 20:30:02] 📋 开始生成每日简报
======================================
📋 每日简报 - 2026-03-20\n\n📊 昨日完成\n────────────────────────\n暂无记录\n\n🎯 今日待办\n────────────────────────\n暂无记录\n\n💡 系统状态\n────────────────────────\nGateway: 检查中...\n内存: 59.7%\n最后错误: 有错误（详见日志）\n\n📈 进化数据\n────────────────────────\n学习信号: 0 个\n进化版本: v2.0\n\n────────────────────────\n🤖 生成时间: 2026-03-20 20:30:04\n
[2026-03-20 20:30:04] 📤 推送到飞书...
[2026-03-20 20:30:04] 📤 推送到飞书...
[2026-03-20 20:30:04] ✅ 每日简报推送完成
[2026-03-20 20:30:04] ✅ 每日简报推送完成
======================================
[2026-03-20 20:30:04] 🎉 每日简报任务完成！
[2026-03-20 20:30:04] 🎉 每日简报任务完成！
[2026-03-21 20:30:02] 📋 开始生成每日简报
[2026-03-21 20:30:02] 📋 开始生成每日简报
======================================
📋 每日简报 - 2026-03-21\n\n📊 昨日完成\n────────────────────────\n暂无记录\n\n🎯 今日待办\n────────────────────────\n暂无记录\n\n💡 系统状态\n────────────────────────\nGateway: 检查中...\n内存: 49.1%\n最后错误: 有错误（详见日志）\n\n📈 进化数据\n────────────────────────\n学习信号: 0 个\n进化版本: v5.6\n\n────────────────────────\n🤖 生成时间: 2026-03-21 20:30:05\n
[2026-03-21 20:30:05] 📤 推送到飞书...
[2026-03-21 20:30:05] 📤 推送到飞书...
[2026-03-21 20:30:05] ✅ 每日简报推送完成
[2026-03-21 20:30:05] ✅ 每日简报推送完成
======================================
[2026-03-21 20:30:05] 🎉 每日简报任务完成！
[2026-03-21 20:30:05] 🎉 每日简报任务完成！
