[2026-03-21 22:01:46] ========== 记忆扫描开始 ==========
[2026-03-21 22:01:46] 扫描最近 session 文件...
[2026-03-21 22:01:46] 最近 60 分钟无 session 文件
[2026-03-21 22:01:46] 检查 NOW.md 需要更新的内容...
[2026-03-21 22:01:46] 扫描摘要: 172 行
[2026-03-21 22:01:46] ========== 记忆扫描完成 ==========
[2026-03-21 23:00:01] ========== 记忆扫描开始 ==========
[2026-03-21 23:00:01] ========== 记忆扫描开始 ==========
[2026-03-21 23:00:01] 扫描最近 session 文件...
[2026-03-21 23:00:01] 扫描最近 session 文件...
[2026-03-21 23:00:01] 最近 60 分钟无 session 文件
[2026-03-21 23:00:01] 最近 60 分钟无 session 文件
[2026-03-21 23:00:01] 检查 NOW.md 需要更新的内容...
[2026-03-21 23:00:01] 检查 NOW.md 需要更新的内容...
[2026-03-21 23:00:01] 扫描摘要: 175 行
[2026-03-21 23:00:01] 扫描摘要: 175 行
[2026-03-21 23:00:01] ========== 记忆扫描完成 ==========
[2026-03-21 23:00:01] ========== 记忆扫描完成 ==========
[2026-03-22 00:00:01] ========== 记忆扫描开始 ==========
[2026-03-22 00:00:01] ========== 记忆扫描开始 ==========
[2026-03-22 00:00:01] 创建每日日志: /root/.openclaw/workspace/memory/2026-03-22.md
[2026-03-22 00:00:01] 创建每日日志: /root/.openclaw/workspace/memory/2026-03-22.md
[2026-03-22 00:00:01] 扫描最近 session 文件...
[2026-03-22 00:00:01] 扫描最近 session 文件...
[2026-03-22 00:00:01] 最近 60 分钟无 session 文件
[2026-03-22 00:00:01] 最近 60 分钟无 session 文件
[2026-03-22 00:00:01] 检查 NOW.md 需要更新的内容...
[2026-03-22 00:00:01] 检查 NOW.md 需要更新的内容...
[2026-03-22 00:00:01] 扫描摘要: 4 行
[2026-03-22 00:00:01] 扫描摘要: 4 行
[2026-03-22 00:00:01] ========== 记忆扫描完成 ==========
[2026-03-22 00:00:01] ========== 记忆扫描完成 ==========
[2026-03-22 01:00:01] ========== 记忆扫描开始 ==========
[2026-03-22 01:00:01] ========== 记忆扫描开始 ==========
[2026-03-22 01:00:01] 扫描最近 session 文件...
[2026-03-22 01:00:01] 扫描最近 session 文件...
[2026-03-22 01:00:01] 最近 60 分钟无 session 文件
[2026-03-22 01:00:01] 最近 60 分钟无 session 文件
[2026-03-22 01:00:01] 检查 NOW.md 需要更新的内容...
[2026-03-22 01:00:01] 检查 NOW.md 需要更新的内容...
[2026-03-22 01:00:01] 扫描摘要: 7 行
[2026-03-22 01:00:01] 扫描摘要: 7 行
[2026-03-22 01:00:01] ========== 记忆扫描完成 ==========
[2026-03-22 01:00:01] ========== 记忆扫描完成 ==========
[2026-03-22 02:00:01] ========== 记忆扫描开始 ==========
[2026-03-22 02:00:01] ========== 记忆扫描开始 ==========
[2026-03-22 02:00:01] 扫描最近 session 文件...
[2026-03-22 02:00:01] 扫描最近 session 文件...
[2026-03-22 02:00:01] 最近 60 分钟无 session 文件
[2026-03-22 02:00:01] 最近 60 分钟无 session 文件
[2026-03-22 02:00:01] 检查 NOW.md 需要更新的内容...
[2026-03-22 02:00:01] 检查 NOW.md 需要更新的内容...
[2026-03-22 02:00:01] 扫描摘要: 10 行
[2026-03-22 02:00:01] 扫描摘要: 10 行
[2026-03-22 02:00:01] ========== 记忆扫描完成 ==========
[2026-03-22 02:00:01] ========== 记忆扫描完成 ==========
[2026-03-22 03:00:01] ========== 记忆扫描开始 ==========
[2026-03-22 03:00:01] ========== 记忆扫描开始 ==========
[2026-03-22 03:00:01] 扫描最近 session 文件...
[2026-03-22 03:00:01] 扫描最近 session 文件...
[2026-03-22 03:00:01] 最近 60 分钟无 session 文件
[2026-03-22 03:00:01] 最近 60 分钟无 session 文件
[2026-03-22 03:00:01] 检查 NOW.md 需要更新的内容...
[2026-03-22 03:00:01] 检查 NOW.md 需要更新的内容...
[2026-03-22 03:00:01] 扫描摘要: 13 行
[2026-03-22 03:00:01] 扫描摘要: 13 行
[2026-03-22 03:00:01] ========== 记忆扫描完成 ==========
[2026-03-22 03:00:01] ========== 记忆扫描完成 ==========
[2026-03-22 04:00:01] ========== 记忆扫描开始 ==========
[2026-03-22 04:00:01] ========== 记忆扫描开始 ==========
[2026-03-22 04:00:01] 扫描最近 session 文件...
[2026-03-22 04:00:01] 扫描最近 session 文件...
[2026-03-22 04:00:01] 最近 60 分钟无 session 文件
[2026-03-22 04:00:01] 最近 60 分钟无 session 文件
[2026-03-22 04:00:01] 检查 NOW.md 需要更新的内容...
[2026-03-22 04:00:01] 检查 NOW.md 需要更新的内容...
[2026-03-22 04:00:01] 扫描摘要: 16 行
[2026-03-22 04:00:01] 扫描摘要: 16 行
[2026-03-22 04:00:01] ========== 记忆扫描完成 ==========
[2026-03-22 04:00:01] ========== 记忆扫描完成 ==========
[2026-03-22 05:00:01] ========== 记忆扫描开始 ==========
[2026-03-22 05:00:01] ========== 记忆扫描开始 ==========
[2026-03-22 05:00:01] 扫描最近 session 文件...
[2026-03-22 05:00:01] 扫描最近 session 文件...
[2026-03-22 05:00:01] 最近 60 分钟无 session 文件
[2026-03-22 05:00:01] 最近 60 分钟无 session 文件
[2026-03-22 05:00:01] 检查 NOW.md 需要更新的内容...
[2026-03-22 05:00:01] 检查 NOW.md 需要更新的内容...
[2026-03-22 05:00:01] 扫描摘要: 19 行
[2026-03-22 05:00:01] 扫描摘要: 19 行
[2026-03-22 05:00:01] ========== 记忆扫描完成 ==========
[2026-03-22 05:00:01] ========== 记忆扫描完成 ==========
[2026-03-22 06:00:01] ========== 记忆扫描开始 ==========
[2026-03-22 06:00:01] ========== 记忆扫描开始 ==========
[2026-03-22 06:00:01] 扫描最近 session 文件...
[2026-03-22 06:00:01] 扫描最近 session 文件...
[2026-03-22 06:00:01] 最近 60 分钟无 session 文件
[2026-03-22 06:00:01] 最近 60 分钟无 session 文件
[2026-03-22 06:00:01] 检查 NOW.md 需要更新的内容...
[2026-03-22 06:00:01] 检查 NOW.md 需要更新的内容...
[2026-03-22 06:00:01] 扫描摘要: 22 行
[2026-03-22 06:00:01] 扫描摘要: 22 行
[2026-03-22 06:00:01] ========== 记忆扫描完成 ==========
[2026-03-22 06:00:01] ========== 记忆扫描完成 ==========
[2026-03-22 07:00:02] ========== 记忆扫描开始 ==========
[2026-03-22 07:00:02] ========== 记忆扫描开始 ==========
[2026-03-22 07:00:02] 扫描最近 session 文件...
[2026-03-22 07:00:02] 扫描最近 session 文件...
[2026-03-22 07:00:02] 最近 60 分钟无 session 文件
[2026-03-22 07:00:02] 最近 60 分钟无 session 文件
[2026-03-22 07:00:02] 检查 NOW.md 需要更新的内容...
[2026-03-22 07:00:02] 检查 NOW.md 需要更新的内容...
[2026-03-22 07:00:02] 扫描摘要: 25 行
[2026-03-22 07:00:02] 扫描摘要: 25 行
[2026-03-22 07:00:02] ========== 记忆扫描完成 ==========
[2026-03-22 07:00:02] ========== 记忆扫描完成 ==========
[2026-03-22 08:00:02] ========== 记忆扫描开始 ==========
[2026-03-22 08:00:02] ========== 记忆扫描开始 ==========
[2026-03-22 08:00:02] 扫描最近 session 文件...
[2026-03-22 08:00:02] 扫描最近 session 文件...
[2026-03-22 08:00:02] 最近 60 分钟无 session 文件
[2026-03-22 08:00:02] 最近 60 分钟无 session 文件
[2026-03-22 08:00:02] 检查 NOW.md 需要更新的内容...
[2026-03-22 08:00:02] 检查 NOW.md 需要更新的内容...
[2026-03-22 08:00:02] 扫描摘要: 28 行
[2026-03-22 08:00:02] 扫描摘要: 28 行
[2026-03-22 08:00:02] ========== 记忆扫描完成 ==========
[2026-03-22 08:00:02] ========== 记忆扫描完成 ==========
[2026-03-22 09:00:01] ========== 记忆扫描开始 ==========
[2026-03-22 09:00:01] ========== 记忆扫描开始 ==========
[2026-03-22 09:00:01] 扫描最近 session 文件...
[2026-03-22 09:00:01] 扫描最近 session 文件...
[2026-03-22 09:00:01] 最近 60 分钟无 session 文件
[2026-03-22 09:00:01] 最近 60 分钟无 session 文件
[2026-03-22 09:00:01] 检查 NOW.md 需要更新的内容...
[2026-03-22 09:00:01] 检查 NOW.md 需要更新的内容...
[2026-03-22 09:00:01] 扫描摘要: 31 行
[2026-03-22 09:00:01] 扫描摘要: 31 行
[2026-03-22 09:00:01] ========== 记忆扫描完成 ==========
[2026-03-22 09:00:01] ========== 记忆扫描完成 ==========
[2026-03-22 10:00:01] ========== 记忆扫描开始 ==========
[2026-03-22 10:00:01] ========== 记忆扫描开始 ==========
[2026-03-22 10:00:01] 扫描最近 session 文件...
[2026-03-22 10:00:01] 扫描最近 session 文件...
[2026-03-22 10:00:01] 最近 60 分钟无 session 文件
[2026-03-22 10:00:01] 最近 60 分钟无 session 文件
[2026-03-22 10:00:01] 检查 NOW.md 需要更新的内容...
[2026-03-22 10:00:01] 检查 NOW.md 需要更新的内容...
[2026-03-22 10:00:01] 扫描摘要: 34 行
[2026-03-22 10:00:01] 扫描摘要: 34 行
[2026-03-22 10:00:01] ========== 记忆扫描完成 ==========
[2026-03-22 10:00:01] ========== 记忆扫描完成 ==========
[2026-03-22 11:00:01] ========== 记忆扫描开始 ==========
[2026-03-22 11:00:01] ========== 记忆扫描开始 ==========
[2026-03-22 11:00:01] 扫描最近 session 文件...
[2026-03-22 11:00:01] 扫描最近 session 文件...
[2026-03-22 11:00:01] 最近 60 分钟无 session 文件
[2026-03-22 11:00:01] 最近 60 分钟无 session 文件
[2026-03-22 11:00:01] 检查 NOW.md 需要更新的内容...
[2026-03-22 11:00:01] 检查 NOW.md 需要更新的内容...
[2026-03-22 11:00:01] 扫描摘要: 37 行
[2026-03-22 11:00:01] 扫描摘要: 37 行
[2026-03-22 11:00:01] ========== 记忆扫描完成 ==========
[2026-03-22 11:00:01] ========== 记忆扫描完成 ==========
[2026-03-22 12:00:01] ========== 记忆扫描开始 ==========
[2026-03-22 12:00:01] ========== 记忆扫描开始 ==========
[2026-03-22 12:00:01] 扫描最近 session 文件...
[2026-03-22 12:00:01] 扫描最近 session 文件...
[2026-03-22 12:00:01] 最近 60 分钟无 session 文件
[2026-03-22 12:00:01] 最近 60 分钟无 session 文件
[2026-03-22 12:00:01] 检查 NOW.md 需要更新的内容...
[2026-03-22 12:00:01] 检查 NOW.md 需要更新的内容...
[2026-03-22 12:00:01] 扫描摘要: 40 行
[2026-03-22 12:00:01] 扫描摘要: 40 行
[2026-03-22 12:00:01] ========== 记忆扫描完成 ==========
[2026-03-22 12:00:01] ========== 记忆扫描完成 ==========
[2026-03-22 13:00:01] ========== 记忆扫描开始 ==========
[2026-03-22 13:00:01] ========== 记忆扫描开始 ==========
[2026-03-22 13:00:01] 扫描最近 session 文件...
[2026-03-22 13:00:01] 扫描最近 session 文件...
[2026-03-22 13:00:01] 最近 60 分钟无 session 文件
[2026-03-22 13:00:01] 最近 60 分钟无 session 文件
[2026-03-22 13:00:01] 检查 NOW.md 需要更新的内容...
[2026-03-22 13:00:01] 检查 NOW.md 需要更新的内容...
[2026-03-22 13:00:01] 扫描摘要: 43 行
[2026-03-22 13:00:01] 扫描摘要: 43 行
[2026-03-22 13:00:01] ========== 记忆扫描完成 ==========
[2026-03-22 13:00:01] ========== 记忆扫描完成 ==========
[2026-03-22 14:00:01] ========== 记忆扫描开始 ==========
[2026-03-22 14:00:01] ========== 记忆扫描开始 ==========
[2026-03-22 14:00:02] 扫描最近 session 文件...
[2026-03-22 14:00:02] 扫描最近 session 文件...
[2026-03-22 14:00:02] 最近 60 分钟无 session 文件
[2026-03-22 14:00:02] 最近 60 分钟无 session 文件
[2026-03-22 14:00:02] 检查 NOW.md 需要更新的内容...
[2026-03-22 14:00:02] 检查 NOW.md 需要更新的内容...
[2026-03-22 14:00:02] 扫描摘要: 46 行
[2026-03-22 14:00:02] 扫描摘要: 46 行
[2026-03-22 14:00:02] ========== 记忆扫描完成 ==========
[2026-03-22 14:00:02] ========== 记忆扫描完成 ==========
[2026-03-22 15:00:01] ========== 记忆扫描开始 ==========
[2026-03-22 15:00:01] ========== 记忆扫描开始 ==========
[2026-03-22 15:00:01] 扫描最近 session 文件...
[2026-03-22 15:00:01] 扫描最近 session 文件...
[2026-03-22 15:00:01] 最近 60 分钟无 session 文件
[2026-03-22 15:00:01] 最近 60 分钟无 session 文件
[2026-03-22 15:00:01] 检查 NOW.md 需要更新的内容...
[2026-03-22 15:00:01] 检查 NOW.md 需要更新的内容...
[2026-03-22 15:00:01] 扫描摘要: 139 行
[2026-03-22 15:00:01] 扫描摘要: 139 行
[2026-03-22 15:00:01] ========== 记忆扫描完成 ==========
[2026-03-22 15:00:01] ========== 记忆扫描完成 ==========
[2026-03-22 16:00:01] ========== 记忆扫描开始 ==========
[2026-03-22 16:00:01] ========== 记忆扫描开始 ==========
[2026-03-22 16:00:01] 扫描最近 session 文件...
[2026-03-22 16:00:01] 扫描最近 session 文件...
[2026-03-22 16:00:01] 最近 60 分钟无 session 文件
[2026-03-22 16:00:01] 最近 60 分钟无 session 文件
[2026-03-22 16:00:01] 检查 NOW.md 需要更新的内容...
[2026-03-22 16:00:01] 检查 NOW.md 需要更新的内容...
[2026-03-22 16:00:01] 扫描摘要: 142 行
[2026-03-22 16:00:01] 扫描摘要: 142 行
[2026-03-22 16:00:01] ========== 记忆扫描完成 ==========
[2026-03-22 16:00:01] ========== 记忆扫描完成 ==========
