[2026-03-10 02:00:01] 🔍 执行定时任务系统检查...
[2026-03-10 02:00:01] 🧹 清理临时文件...
[2026-03-10 02:00:01] ✅ 临时文件已清理
[2026-03-10 02:00:01] ✅ 检查完成
[2026-03-11 02:00:01] 🔍 执行定时任务系统检查...
[2026-03-11 02:00:01] 🧹 清理临时文件...
[2026-03-11 02:00:01] ✅ 临时文件已清理
[2026-03-11 02:00:01] ✅ 检查完成
[2026-03-12 02:00:01] 🔍 执行定时任务系统检查...
[2026-03-12 02:00:01] 🧹 清理临时文件...
[2026-03-12 02:00:01] ✅ 临时文件已清理
[2026-03-12 02:00:01] ✅ 检查完成
[2026-03-13 02:00:01] 🔍 执行定时任务系统检查...
[2026-03-13 02:00:01] 🧹 清理临时文件...
[2026-03-13 02:00:02] ✅ 临时文件已清理
[2026-03-13 02:00:02] ✅ 检查完成
[2026-03-14 02:00:01] 🔍 执行定时任务系统检查...
[2026-03-14 02:00:01] 🧹 清理临时文件...
[2026-03-14 02:00:02] ✅ 临时文件已清理
[2026-03-14 02:00:02] ✅ 检查完成
[2026-03-15 02:00:01] 🔍 执行定时任务系统检查...
[2026-03-15 02:00:01] 🧹 清理临时文件...
[2026-03-15 02:00:02] ✅ 临时文件已清理
[2026-03-15 02:00:02] ✅ 检查完成
[2026-03-15 03:00:01] ✅ 性能报告已生成: /root/.openclaw/workspace/logs/performance-report-20260315.txt
