[2026-03-09 16:59:17] 🔍 开始测试所有定时任务脚本...
[2026-03-09 16:59:22] ✅ news-fetcher.py: 5秒
[2026-03-09 16:59:25] ✅ daily-news-summary.sh: 3秒
[2026-03-09 16:59:32] ✅ daily-digest.sh: 7秒
[2026-03-09 16:59:32] 🎉 测试完成！所有脚本运行正常
[2026-03-09 16:59:58] 🔍 执行定时任务系统检查...
[2026-03-09 16:59:58] 🧹 清理临时文件...
[2026-03-09 16:59:59] ✅ 临时文件已清理
[2026-03-09 16:59:59] ✅ 检查完成
[2026-03-09 17:00:24] ✅ 性能报告已生成: /root/.openclaw/workspace/logs/performance-report-20260309.txt
[2026-03-10 02:00:01] 🔍 执行定时任务系统检查...
[2026-03-10 02:00:01] 🧹 清理临时文件...
[2026-03-10 02:00:01] ✅ 临时文件已清理
[2026-03-10 02:00:01] ✅ 检查完成
[2026-03-11 02:00:01] 🔍 执行定时任务系统检查...
[2026-03-11 02:00:01] 🧹 清理临时文件...
[2026-03-11 02:00:01] ✅ 临时文件已清理
[2026-03-11 02:00:01] ✅ 检查完成
[2026-03-12 02:00:01] 🔍 执行定时任务系统检查...
[2026-03-12 02:00:01] 🧹 清理临时文件...
[2026-03-12 02:00:01] ✅ 临时文件已清理
[2026-03-12 02:00:01] ✅ 检查完成
[2026-03-13 02:00:01] 🔍 执行定时任务系统检查...
[2026-03-13 02:00:01] 🧹 清理临时文件...
[2026-03-13 02:00:02] ✅ 临时文件已清理
[2026-03-13 02:00:02] ✅ 检查完成
[2026-03-14 02:00:01] 🔍 执行定时任务系统检查...
[2026-03-14 02:00:01] 🧹 清理临时文件...
[2026-03-14 02:00:02] ✅ 临时文件已清理
[2026-03-14 02:00:02] ✅ 检查完成
[2026-03-15 02:00:01] 🔍 执行定时任务系统检查...
[2026-03-15 02:00:01] 🧹 清理临时文件...
[2026-03-15 02:00:02] ✅ 临时文件已清理
[2026-03-15 02:00:02] ✅ 检查完成
[2026-03-15 03:00:01] ✅ 性能报告已生成: /root/.openclaw/workspace/logs/performance-report-20260315.txt
[2026-03-16 02:00:01] 🔍 执行定时任务系统检查...
[2026-03-16 02:00:01] 🧹 清理临时文件...
[2026-03-16 02:00:01] ✅ 临时文件已清理
[2026-03-16 02:00:01] ✅ 检查完成
[2026-03-18 02:00:01] 🔍 执行定时任务系统检查...
[2026-03-18 02:00:01] 🧹 清理临时文件...
[2026-03-18 02:00:01] ✅ 临时文件已清理
[2026-03-18 02:00:01] ✅ 检查完成
[2026-03-19 02:00:01] 🔍 执行定时任务系统检查...
[2026-03-19 02:00:01] 🧹 清理临时文件...
[2026-03-19 02:00:02] ✅ 临时文件已清理
[2026-03-19 02:00:02] ✅ 检查完成
