🔄 PAI 自动化执行系统 v1.0
======================================
开始时间: 2026-03-05 12:00:01

======================================

🔍 任务 1: 检查系统健康...
   ✅ Gateway: 运行中
   📊 内存: 43.0
   📚 学习信号: 1 条

🚀 任务 2: 运行完整 PAI 工作流...
   ✅ 工作流完成

📝 任务 3: 生成每日总结...
   📊 今日统计:
- **总任务数**: 14
- **成功率**: 100.0%
- **平均复杂度**: 5
- 🎉 成功率优秀，保持当前节奏

💡 任务 4: 检查智能建议...
   ✅ 成功率良好: 100.0%

✅ 自动化执行完成
结束时间: 2026-03-05 12:00:02
======================================

🔄 PAI 自动化执行系统 v1.0
======================================
开始时间: 2026-03-05 18:00:01

======================================

🔍 任务 1: 检查系统健康...
   ✅ Gateway: 运行中
   📊 内存: 44.0
   📚 学习信号: 1 条

🚀 任务 2: 运行完整 PAI 工作流...
   ✅ 工作流完成

📝 任务 3: 生成每日总结...
   📊 今日统计:
- **总任务数**: 20
- **成功率**: 95.0%
- **平均复杂度**: 5
- 🎉 成功率优秀，保持当前节奏

💡 任务 4: 检查智能建议...
   ✅ 成功率良好: 95.0%

✅ 自动化执行完成
结束时间: 2026-03-05 18:00:01
======================================

🔄 PAI 自动化执行系统 v1.0
======================================
开始时间: 2026-03-06 00:00:01

======================================

🔍 任务 1: 检查系统健康...
   ✅ Gateway: 运行中
   📊 内存: 43.2
   📚 学习信号: 1 条

🚀 任务 2: 运行完整 PAI 工作流...
   ✅ 工作流完成

📝 任务 3: 生成每日总结...
   📊 今日统计:
- **总任务数**: 20
- **成功率**: 95.0%
- **平均复杂度**: 5
- 🎉 成功率优秀，保持当前节奏

💡 任务 4: 检查智能建议...
   ✅ 成功率良好: 95.0%

✅ 自动化执行完成
结束时间: 2026-03-06 00:00:02
======================================

🔄 PAI 自动化执行系统 v1.0
======================================
开始时间: 2026-03-06 06:00:01

======================================

🔍 任务 1: 检查系统健康...
   ✅ Gateway: 运行中
   📊 内存: 43.4
   📚 学习信号: 1 条

🚀 任务 2: 运行完整 PAI 工作流...
   ✅ 工作流完成

📝 任务 3: 生成每日总结...
   📊 今日统计:
- **总任务数**: 20
- **成功率**: 95.0%
- **平均复杂度**: 5
- 🎉 成功率优秀，保持当前节奏

💡 任务 4: 检查智能建议...
   ✅ 成功率良好: 95.0%

✅ 自动化执行完成
结束时间: 2026-03-06 06:00:01
======================================

🔄 PAI 自动化执行系统 v1.0
======================================
开始时间: 2026-03-06 12:00:01

======================================

🔍 任务 1: 检查系统健康...
   ✅ Gateway: 运行中
   📊 内存: 43.5
   📚 学习信号: 1 条

🚀 任务 2: 运行完整 PAI 工作流...
   ✅ 工作流完成

📝 任务 3: 生成每日总结...
   📊 今日统计:
- **总任务数**: 20
- **成功率**: 95.0%
- **平均复杂度**: 5
- 🎉 成功率优秀，保持当前节奏

💡 任务 4: 检查智能建议...
   ✅ 成功率良好: 95.0%

✅ 自动化执行完成
结束时间: 2026-03-06 12:00:01
======================================

🔄 PAI 自动化执行系统 v1.0
======================================
开始时间: 2026-03-06 18:00:01

======================================

🔍 任务 1: 检查系统健康...
   ✅ Gateway: 运行中
   📊 内存: 44.0
   📚 学习信号: 2 条

🚀 任务 2: 运行完整 PAI 工作流...
   ✅ 工作流完成

📝 任务 3: 生成每日总结...
   📊 今日统计:
- **总任务数**: 3
- **成功率**: 66.7%
- **平均复杂度**: 3
- ⚠️  成功率低于 70%，建议降低复杂度

💡 任务 4: 检查智能建议...
   ⚠️  建议: 成功率低于 80%，建议降低任务复杂度

✅ 自动化执行完成
结束时间: 2026-03-06 18:00:01
======================================

🔄 PAI 自动化执行系统 v1.0
======================================
开始时间: 2026-03-07 00:00:01

======================================

🔍 任务 1: 检查系统健康...
   ✅ Gateway: 运行中
   📊 内存: 43.8
   📚 学习信号: 2 条

🚀 任务 2: 运行完整 PAI 工作流...
   ✅ 工作流完成

📝 任务 3: 生成每日总结...
   📊 今日统计:
- **总任务数**: 3
- **成功率**: 66.7%
- **平均复杂度**: 3
- ⚠️  成功率低于 70%，建议降低复杂度

💡 任务 4: 检查智能建议...
   ⚠️  建议: 成功率低于 80%，建议降低任务复杂度

✅ 自动化执行完成
结束时间: 2026-03-07 00:00:02
======================================

🔄 PAI 自动化执行系统 v1.0
======================================
开始时间: 2026-03-07 06:00:01

======================================

🔍 任务 1: 检查系统健康...
   ✅ Gateway: 运行中
   📊 内存: 43.7
   📚 学习信号: 2 条

🚀 任务 2: 运行完整 PAI 工作流...
   ✅ 工作流完成

📝 任务 3: 生成每日总结...
   📊 今日统计:
- **总任务数**: 3
- **成功率**: 66.7%
- **平均复杂度**: 3
- ⚠️  成功率低于 70%，建议降低复杂度

💡 任务 4: 检查智能建议...
   ⚠️  建议: 成功率低于 80%，建议降低任务复杂度

✅ 自动化执行完成
结束时间: 2026-03-07 06:00:01
======================================

🔄 PAI 自动化执行系统 v1.0
======================================
开始时间: 2026-03-07 12:00:01

======================================

🔍 任务 1: 检查系统健康...
   ⚠️  Gateway: 未运行
   📊 内存: 24.3
   📚 学习信号: 2 条

🚀 任务 2: 运行完整 PAI 工作流...
   ✅ 工作流完成

📝 任务 3: 生成每日总结...
   📊 今日统计:
- **总任务数**: 3
- **成功率**: 66.7%
- **平均复杂度**: 3
- ⚠️  成功率低于 70%，建议降低复杂度

💡 任务 4: 检查智能建议...
   ⚠️  建议: 成功率低于 80%，建议降低任务复杂度

✅ 自动化执行完成
结束时间: 2026-03-07 12:00:01
======================================

🔄 PAI 自动化执行系统 v1.0
======================================
开始时间: 2026-03-07 18:00:01

======================================

🔍 任务 1: 检查系统健康...
   ⚠️  Gateway: 未运行
   📊 内存: 24.4
   📚 学习信号: 2 条

🚀 任务 2: 运行完整 PAI 工作流...
   ✅ 工作流完成

📝 任务 3: 生成每日总结...
   📊 今日统计:
- **总任务数**: 3
- **成功率**: 66.7%
- **平均复杂度**: 3
- ⚠️  成功率低于 70%，建议降低复杂度

💡 任务 4: 检查智能建议...
   ⚠️  建议: 成功率低于 80%，建议降低任务复杂度

✅ 自动化执行完成
结束时间: 2026-03-07 18:00:01
======================================

🔄 PAI 自动化执行系统 v1.0
======================================
开始时间: 2026-03-08 00:00:01

======================================

🔍 任务 1: 检查系统健康...
   ✅ Gateway: 运行中
   📊 内存: 51.9
   📚 学习信号: 2 条

🚀 任务 2: 运行完整 PAI 工作流...
   ✅ 工作流完成

📝 任务 3: 生成每日总结...
   📊 今日统计:
- **总任务数**: 3
- **成功率**: 66.7%
- **平均复杂度**: 3
- ⚠️  成功率低于 70%，建议降低复杂度

💡 任务 4: 检查智能建议...
   ⚠️  建议: 成功率低于 80%，建议降低任务复杂度

✅ 自动化执行完成
结束时间: 2026-03-08 00:00:01
======================================

🔄 PAI 自动化执行系统 v1.0
======================================
开始时间: 2026-03-08 06:00:01

======================================

🔍 任务 1: 检查系统健康...
   ⚠️  Gateway: 未运行
   📊 内存: 26.5
   📚 学习信号: 2 条

🚀 任务 2: 运行完整 PAI 工作流...
   ✅ 工作流完成

📝 任务 3: 生成每日总结...
   📊 今日统计:
- **总任务数**: 3
- **成功率**: 66.7%
- **平均复杂度**: 3
- ⚠️  成功率低于 70%，建议降低复杂度

💡 任务 4: 检查智能建议...
   ⚠️  建议: 成功率低于 80%，建议降低任务复杂度

✅ 自动化执行完成
结束时间: 2026-03-08 06:00:02
======================================

🔄 PAI 自动化执行系统 v1.0
======================================
开始时间: 2026-03-08 12:00:01

======================================

🔍 任务 1: 检查系统健康...
   ✅ Gateway: 运行中
   📊 内存: 54.6
   📚 学习信号: 2 条

🚀 任务 2: 运行完整 PAI 工作流...
   ✅ 工作流完成

📝 任务 3: 生成每日总结...
   📊 今日统计:
- **总任务数**: 3
- **成功率**: 66.7%
- **平均复杂度**: 3
- ⚠️  成功率低于 70%，建议降低复杂度

💡 任务 4: 检查智能建议...
   ⚠️  建议: 成功率低于 80%，建议降低任务复杂度

✅ 自动化执行完成
结束时间: 2026-03-08 12:00:01
======================================

🔄 PAI 自动化执行系统 v1.0
======================================
开始时间: 2026-03-08 18:00:01

======================================

🔍 任务 1: 检查系统健康...
   ✅ Gateway: 运行中
   📊 内存: 64.2
   📚 学习信号: 3 条

🚀 任务 2: 运行完整 PAI 工作流...
   ✅ 工作流完成

📝 任务 3: 生成每日总结...
   📊 今日统计:
- **总任务数**: 3
- **成功率**: 0.0%
- **平均复杂度**: 5
- ⚠️  成功率低于 70%，建议降低复杂度

💡 任务 4: 检查智能建议...
   ⚠️  建议: 成功率低于 80%，建议降低任务复杂度

✅ 自动化执行完成
结束时间: 2026-03-08 18:00:02
======================================

🔄 PAI 自动化执行系统 v1.0
======================================
开始时间: 2026-03-09 00:00:01

======================================

🔍 任务 1: 检查系统健康...
   ✅ Gateway: 运行中
   📊 内存: 56.9
   📚 学习信号: 3 条

🚀 任务 2: 运行完整 PAI 工作流...
   ✅ 工作流完成

📝 任务 3: 生成每日总结...
   📊 今日统计:
- **总任务数**: 4
- **成功率**: 0.0%
- **平均复杂度**: 5
- ⚠️  成功率低于 70%，建议降低复杂度

💡 任务 4: 检查智能建议...
   ⚠️  建议: 成功率低于 80%，建议降低任务复杂度

✅ 自动化执行完成
结束时间: 2026-03-09 00:00:01
======================================

🔄 PAI 自动化执行系统 v1.0
======================================
开始时间: 2026-03-09 06:00:01

======================================

🔍 任务 1: 检查系统健康...
   ✅ Gateway: 运行中
   📊 内存: 57.3
   📚 学习信号: 3 条

🚀 任务 2: 运行完整 PAI 工作流...
   ✅ 工作流完成

📝 任务 3: 生成每日总结...
   📊 今日统计:
- **总任务数**: 4
- **成功率**: 0.0%
- **平均复杂度**: 5
- ⚠️  成功率低于 70%，建议降低复杂度

💡 任务 4: 检查智能建议...
   ⚠️  建议: 成功率低于 80%，建议降低任务复杂度

✅ 自动化执行完成
结束时间: 2026-03-09 06:00:01
======================================

🔄 PAI 自动化执行系统 v1.0
======================================
开始时间: 2026-03-09 12:00:01

======================================

🔍 任务 1: 检查系统健康...
   ✅ Gateway: 运行中
   📊 内存: 45.4
   📚 学习信号: 3 条

🚀 任务 2: 运行完整 PAI 工作流...
   ✅ 工作流完成

📝 任务 3: 生成每日总结...
   📊 今日统计:
- **总任务数**: 4
- **成功率**: 0.0%
- **平均复杂度**: 5
- ⚠️  成功率低于 70%，建议降低复杂度

💡 任务 4: 检查智能建议...
   ⚠️  建议: 成功率低于 80%，建议降低任务复杂度

✅ 自动化执行完成
结束时间: 2026-03-09 12:00:02
======================================

🔄 PAI 自动化执行系统 v1.0
======================================
开始时间: 2026-03-09 18:00:01

======================================

🔍 任务 1: 检查系统健康...
   ✅ Gateway: 运行中
   📊 内存: 53.3
   📚 学习信号: 3 条

🚀 任务 2: 运行完整 PAI 工作流...
   ✅ 工作流完成

📝 任务 3: 生成每日总结...
   📊 今日统计:
- **总任务数**: 4
- **成功率**: 0.0%
- **平均复杂度**: 5
- ⚠️  成功率低于 70%，建议降低复杂度

💡 任务 4: 检查智能建议...
   ⚠️  建议: 成功率低于 80%，建议降低任务复杂度

✅ 自动化执行完成
结束时间: 2026-03-09 18:00:01
======================================

🔄 PAI 自动化执行系统 v1.0
======================================
开始时间: 2026-03-10 00:00:01

======================================

🔍 任务 1: 检查系统健康...
   ⚠️  Gateway: 未运行
   📊 内存: 33.0
   📚 学习信号: 3 条

🚀 任务 2: 运行完整 PAI 工作流...
   ✅ 工作流完成

📝 任务 3: 生成每日总结...
   📊 今日统计:
- **总任务数**: 4
- **成功率**: 0.0%
- **平均复杂度**: 5
- ⚠️  成功率低于 70%，建议降低复杂度

💡 任务 4: 检查智能建议...
   ⚠️  建议: 成功率低于 80%，建议降低任务复杂度

✅ 自动化执行完成
结束时间: 2026-03-10 00:00:02
======================================

🔄 PAI 自动化执行系统 v1.0
======================================
开始时间: 2026-03-10 06:00:01

======================================

🔍 任务 1: 检查系统健康...
   ✅ Gateway: 运行中
   📊 内存: 46.1
   📚 学习信号: 3 条

🚀 任务 2: 运行完整 PAI 工作流...
   ✅ 工作流完成

📝 任务 3: 生成每日总结...
   📊 今日统计:
- **总任务数**: 4
- **成功率**: 0.0%
- **平均复杂度**: 5
- ⚠️  成功率低于 70%，建议降低复杂度

💡 任务 4: 检查智能建议...
   ⚠️  建议: 成功率低于 80%，建议降低任务复杂度

✅ 自动化执行完成
结束时间: 2026-03-10 06:00:01
======================================

🔄 PAI 自动化执行系统 v1.0
======================================
开始时间: 2026-03-10 12:00:01

======================================

🔍 任务 1: 检查系统健康...
   ✅ Gateway: 运行中
   📊 内存: 54.0
   📚 学习信号: 3 条

🚀 任务 2: 运行完整 PAI 工作流...
   ✅ 工作流完成

📝 任务 3: 生成每日总结...
   📊 今日统计:
- **总任务数**: 4
- **成功率**: 0.0%
- **平均复杂度**: 5
- ⚠️  成功率低于 70%，建议降低复杂度

💡 任务 4: 检查智能建议...
   ⚠️  建议: 成功率低于 80%，建议降低任务复杂度

✅ 自动化执行完成
结束时间: 2026-03-10 12:00:01
======================================

🔄 PAI 自动化执行系统 v1.0
======================================
开始时间: 2026-03-10 18:00:01

======================================

🔍 任务 1: 检查系统健康...
   ✅ Gateway: 运行中
   📊 内存: 55.9
   📚 学习信号: 3 条

🚀 任务 2: 运行完整 PAI 工作流...
   ✅ 工作流完成

📝 任务 3: 生成每日总结...
   📊 今日统计:
- **总任务数**: 4
- **成功率**: 0.0%
- **平均复杂度**: 5
- ⚠️  成功率低于 70%，建议降低复杂度

💡 任务 4: 检查智能建议...
   ⚠️  建议: 成功率低于 80%，建议降低任务复杂度

✅ 自动化执行完成
结束时间: 2026-03-10 18:00:02
======================================

🔄 PAI 自动化执行系统 v1.0
======================================
开始时间: 2026-03-11 00:00:01

======================================

🔍 任务 1: 检查系统健康...
   ✅ Gateway: 运行中
   📊 内存: 51.9
   📚 学习信号: 4 条

🚀 任务 2: 运行完整 PAI 工作流...
   ✅ 工作流完成

📝 任务 3: 生成每日总结...
   📊 今日统计:
- **总任务数**: 4
- **成功率**: 0.0%
- **平均复杂度**: 5
- ⚠️  成功率低于 70%，建议降低复杂度

💡 任务 4: 检查智能建议...
   ⚠️  建议: 成功率低于 80%，建议降低任务复杂度

✅ 自动化执行完成
结束时间: 2026-03-11 00:00:01
======================================

🔄 PAI 自动化执行系统 v1.0
======================================
开始时间: 2026-03-11 06:00:01

======================================

🔍 任务 1: 检查系统健康...
   ✅ Gateway: 运行中
   📊 内存: 45.8
   📚 学习信号: 4 条

🚀 任务 2: 运行完整 PAI 工作流...
   ✅ 工作流完成

📝 任务 3: 生成每日总结...
   📊 今日统计:
- **总任务数**: 4
- **成功率**: 0.0%
- **平均复杂度**: 5
- ⚠️  成功率低于 70%，建议降低复杂度

💡 任务 4: 检查智能建议...
   ⚠️  建议: 成功率低于 80%，建议降低任务复杂度

✅ 自动化执行完成
结束时间: 2026-03-11 06:00:01
======================================

🔄 PAI 自动化执行系统 v1.0
======================================
开始时间: 2026-03-11 12:00:01

======================================

🔍 任务 1: 检查系统健康...
   ✅ Gateway: 运行中
   📊 内存: 47.7
   📚 学习信号: 4 条

🚀 任务 2: 运行完整 PAI 工作流...
   ✅ 工作流完成

📝 任务 3: 生成每日总结...
   📊 今日统计:
- **总任务数**: 4
- **成功率**: 0.0%
- **平均复杂度**: 5
- ⚠️  成功率低于 70%，建议降低复杂度

💡 任务 4: 检查智能建议...
   ⚠️  建议: 成功率低于 80%，建议降低任务复杂度

✅ 自动化执行完成
结束时间: 2026-03-11 12:00:02
======================================

🔄 PAI 自动化执行系统 v1.0
======================================
开始时间: 2026-03-11 18:00:01

======================================

🔍 任务 1: 检查系统健康...
   ✅ Gateway: 运行中
   📊 内存: 50.8
   📚 学习信号: 5 条

🚀 任务 2: 运行完整 PAI 工作流...
   ✅ 工作流完成

📝 任务 3: 生成每日总结...
   📊 今日统计:
- **总任务数**: 2
- **成功率**: 0.0%
- **平均复杂度**: 5
- ⚠️  成功率低于 70%，建议降低复杂度

💡 任务 4: 检查智能建议...
   ⚠️  建议: 成功率低于 80%，建议降低任务复杂度

✅ 自动化执行完成
结束时间: 2026-03-11 18:00:01
======================================

🔄 PAI 自动化执行系统 v1.0
======================================
开始时间: 2026-03-12 00:00:02

======================================

🔍 任务 1: 检查系统健康...
   ✅ Gateway: 运行中
   📊 内存: 53.0
   📚 学习信号: 5 条

🚀 任务 2: 运行完整 PAI 工作流...
   ✅ 工作流完成

📝 任务 3: 生成每日总结...
   📊 今日统计:
- **总任务数**: 6
- **成功率**: 0.0%
- **平均复杂度**: 5
- ⚠️  成功率低于 70%，建议降低复杂度

💡 任务 4: 检查智能建议...
   ⚠️  建议: 成功率低于 80%，建议降低任务复杂度

✅ 自动化执行完成
结束时间: 2026-03-12 00:00:02
======================================

🔄 PAI 自动化执行系统 v1.0
======================================
开始时间: 2026-03-12 06:00:01

======================================

🔍 任务 1: 检查系统健康...
   ✅ Gateway: 运行中
   📊 内存: 53.2
   📚 学习信号: 6 条

🚀 任务 2: 运行完整 PAI 工作流...
   ✅ 工作流完成

📝 任务 3: 生成每日总结...
   📊 今日统计:
- **总任务数**: 2
- **成功率**: 0.0%
- **平均复杂度**: 5
- ⚠️  成功率低于 70%，建议降低复杂度

💡 任务 4: 检查智能建议...
   ⚠️  建议: 成功率低于 80%，建议降低任务复杂度

✅ 自动化执行完成
结束时间: 2026-03-12 06:00:02
======================================

🔄 PAI 自动化执行系统 v1.0
======================================
开始时间: 2026-03-12 12:00:01

======================================

🔍 任务 1: 检查系统健康...
   ✅ Gateway: 运行中
   📊 内存: 53.6
   📚 学习信号: 6 条

🚀 任务 2: 运行完整 PAI 工作流...
   ✅ 工作流完成

📝 任务 3: 生成每日总结...
   📊 今日统计:
- **总任务数**: 3
- **成功率**: 0.0%
- **平均复杂度**: 5
- ⚠️  成功率低于 70%，建议降低复杂度

💡 任务 4: 检查智能建议...
   ⚠️  建议: 成功率低于 80%，建议降低任务复杂度

✅ 自动化执行完成
结束时间: 2026-03-12 12:00:01
======================================

🔄 PAI 自动化执行系统 v1.0
======================================
开始时间: 2026-03-12 18:00:01

======================================

🔍 任务 1: 检查系统健康...
   ✅ Gateway: 运行中
   📊 内存: 54.6
   📚 学习信号: 6 条

🚀 任务 2: 运行完整 PAI 工作流...
   ✅ 工作流完成

📝 任务 3: 生成每日总结...
   📊 今日统计:
- **总任务数**: 5
- **成功率**: 0.0%
- **平均复杂度**: 5
- ⚠️  成功率低于 70%，建议降低复杂度

💡 任务 4: 检查智能建议...
   ⚠️  建议: 成功率低于 80%，建议降低任务复杂度

✅ 自动化执行完成
结束时间: 2026-03-12 18:00:01
======================================

🔄 PAI 自动化执行系统 v1.0
======================================
开始时间: 2026-03-13 00:00:01

======================================

🔍 任务 1: 检查系统健康...
   ✅ Gateway: 运行中
   📊 内存: 56.1
   📚 学习信号: 6 条

🚀 任务 2: 运行完整 PAI 工作流...
   ✅ 工作流完成

📝 任务 3: 生成每日总结...
   📊 今日统计:
- **总任务数**: 7
- **成功率**: 0.0%
- **平均复杂度**: 5
- ⚠️  成功率低于 70%，建议降低复杂度

💡 任务 4: 检查智能建议...
   ⚠️  建议: 成功率低于 80%，建议降低任务复杂度

✅ 自动化执行完成
结束时间: 2026-03-13 00:00:01
======================================

🔄 PAI 自动化执行系统 v1.0
======================================
开始时间: 2026-03-13 06:00:01

======================================

🔍 任务 1: 检查系统健康...
   ✅ Gateway: 运行中
   📊 内存: 55.8
   📚 学习信号: 6 条

🚀 任务 2: 运行完整 PAI 工作流...
   ✅ 工作流完成

📝 任务 3: 生成每日总结...
   📊 今日统计:
- **总任务数**: 7
- **成功率**: 0.0%
- **平均复杂度**: 5
- ⚠️  成功率低于 70%，建议降低复杂度

💡 任务 4: 检查智能建议...
   ⚠️  建议: 成功率低于 80%，建议降低任务复杂度

✅ 自动化执行完成
结束时间: 2026-03-13 06:00:01
======================================

🔄 PAI 自动化执行系统 v1.0
======================================
开始时间: 2026-03-13 12:00:02

======================================

🔍 任务 1: 检查系统健康...
   ✅ Gateway: 运行中
   📊 内存: 51.9
   📚 学习信号: 7 条

🚀 任务 2: 运行完整 PAI 工作流...
   ✅ 工作流完成

📝 任务 3: 生成每日总结...
   📊 今日统计:
- **总任务数**: 2
- **成功率**: 0.0%
- **平均复杂度**: 5
- ⚠️  成功率低于 70%，建议降低复杂度

💡 任务 4: 检查智能建议...
   ⚠️  建议: 成功率低于 80%，建议降低任务复杂度

✅ 自动化执行完成
结束时间: 2026-03-13 12:00:02
======================================

🔄 PAI 自动化执行系统 v1.0
======================================
开始时间: 2026-03-13 18:00:01

======================================

🔍 任务 1: 检查系统健康...
   ✅ Gateway: 运行中
   📊 内存: 54.7
   📚 学习信号: 7 条

🚀 任务 2: 运行完整 PAI 工作流...
   ✅ 工作流完成

📝 任务 3: 生成每日总结...
   📊 今日统计:
- **总任务数**: 3
- **成功率**: 0.0%
- **平均复杂度**: 5
- ⚠️  成功率低于 70%，建议降低复杂度

💡 任务 4: 检查智能建议...
   ⚠️  建议: 成功率低于 80%，建议降低任务复杂度

✅ 自动化执行完成
结束时间: 2026-03-13 18:00:02
======================================

🔄 PAI 自动化执行系统 v1.0
======================================
开始时间: 2026-03-14 00:00:01

======================================

🔍 任务 1: 检查系统健康...
   ✅ Gateway: 运行中
   📊 内存: 58.7
   📚 学习信号: 7 条

🚀 任务 2: 运行完整 PAI 工作流...
   ✅ 工作流完成

📝 任务 3: 生成每日总结...
   📊 今日统计:
- **总任务数**: 5
- **成功率**: 0.0%
- **平均复杂度**: 5
- ⚠️  成功率低于 70%，建议降低复杂度

💡 任务 4: 检查智能建议...
   ⚠️  建议: 成功率低于 80%，建议降低任务复杂度

✅ 自动化执行完成
结束时间: 2026-03-14 00:00:02
======================================

🔄 PAI 自动化执行系统 v1.0
======================================
开始时间: 2026-03-14 06:00:01

======================================

🔍 任务 1: 检查系统健康...
   ✅ Gateway: 运行中
   📊 内存: 60.3
   📚 学习信号: 7 条

🚀 任务 2: 运行完整 PAI 工作流...
   ✅ 工作流完成

📝 任务 3: 生成每日总结...
   📊 今日统计:
- **总任务数**: 5
- **成功率**: 0.0%
- **平均复杂度**: 5
- ⚠️  成功率低于 70%，建议降低复杂度

💡 任务 4: 检查智能建议...
   ⚠️  建议: 成功率低于 80%，建议降低任务复杂度

✅ 自动化执行完成
结束时间: 2026-03-14 06:00:01
======================================

🔄 PAI 自动化执行系统 v1.0
======================================
开始时间: 2026-03-14 12:00:01

======================================

🔍 任务 1: 检查系统健康...
   ✅ Gateway: 运行中
   📊 内存: 56.5
   📚 学习信号: 7 条

🚀 任务 2: 运行完整 PAI 工作流...
   ✅ 工作流完成

📝 任务 3: 生成每日总结...
   📊 今日统计:
- **总任务数**: 1
- **成功率**: 0.0%
- **平均复杂度**: 5/5
- ⚠️  成功率低于 70%，建议降低复杂度

💡 任务 4: 检查智能建议...
   ⚠️  建议: 成功率低于 80%，建议降低任务复杂度

✅ 自动化执行完成
结束时间: 2026-03-14 12:00:01
======================================

🔄 PAI 自动化执行系统 v1.0
======================================
开始时间: 2026-03-14 18:00:02

======================================

🔍 任务 1: 检查系统健康...
   ✅ Gateway: 运行中
   📊 内存: 58.0
   📚 学习信号: 8 条

🚀 任务 2: 运行完整 PAI 工作流...
   ✅ 工作流完成

📝 任务 3: 生成每日总结...
   📊 今日统计:
- **总任务数**: 3
- **成功率**: 0.0%
- **平均复杂度**: 5
- ⚠️  成功率低于 70%，建议降低复杂度

💡 任务 4: 检查智能建议...
   ⚠️  建议: 成功率低于 80%，建议降低任务复杂度

✅ 自动化执行完成
结束时间: 2026-03-14 18:00:02
======================================

🔄 PAI 自动化执行系统 v1.0
======================================
开始时间: 2026-03-15 00:00:01

======================================

🔍 任务 1: 检查系统健康...
   ✅ Gateway: 运行中
   📊 内存: 59.3
   📚 学习信号: 8 条

🚀 任务 2: 运行完整 PAI 工作流...
   ✅ 工作流完成

📝 任务 3: 生成每日总结...
   📊 今日统计:
- **总任务数**: 6
- **成功率**: 0.0%
- **平均复杂度**: 5
- ⚠️  成功率低于 70%，建议降低复杂度

💡 任务 4: 检查智能建议...
   ⚠️  建议: 成功率低于 80%，建议降低任务复杂度

✅ 自动化执行完成
结束时间: 2026-03-15 00:00:02
======================================

🔄 PAI 自动化执行系统 v1.0
======================================
开始时间: 2026-03-15 06:00:01

======================================

🔍 任务 1: 检查系统健康...
   ✅ Gateway: 运行中
   📊 内存: 59.6
   📚 学习信号: 8 条

🚀 任务 2: 运行完整 PAI 工作流...
   ✅ 工作流完成

📝 任务 3: 生成每日总结...
   📊 今日统计:
- **总任务数**: 6
- **成功率**: 0.0%
- **平均复杂度**: 5
- ⚠️  成功率低于 70%，建议降低复杂度

💡 任务 4: 检查智能建议...
   ⚠️  建议: 成功率低于 80%，建议降低任务复杂度

✅ 自动化执行完成
结束时间: 2026-03-15 06:00:01
======================================

🔄 PAI 自动化执行系统 v1.0
======================================
开始时间: 2026-03-15 12:00:01

======================================

🔍 任务 1: 检查系统健康...
   ✅ Gateway: 运行中
   📊 内存: 55.4
   📚 学习信号: 9 条

🚀 任务 2: 运行完整 PAI 工作流...
   ✅ 工作流完成

📝 任务 3: 生成每日总结...
   📊 今日统计:
- **总任务数**: 3
- **成功率**: 0.0%
- **平均复杂度**: 5
- ⚠️  成功率低于 70%，建议降低复杂度

💡 任务 4: 检查智能建议...
   ⚠️  建议: 成功率低于 80%，建议降低任务复杂度

✅ 自动化执行完成
结束时间: 2026-03-15 12:00:01
======================================

